Using pre-set license
Built from '2020.3/staging' branch; Version is '2020.3.18f1 (a7d1c678663c) revision 10998214'; Using compiler version '192528614'; Build Type 'Release'
OS: 'Windows 10 Pro Education; OS build 18363.1556; Version 1909; 64bit' Language: 'es' Physical Memory: 7773 MB
BatchMode: 1, IsHumanControllingUs: 0, StartBugReporterOnCrash: 0, Is64bit: 1, IsPro: 0

COMMAND LINE ARGUMENTS:
C:\Program Files\Unity\Hub\Editor\2020.3.18f1\Editor\Unity.exe
-adb2
-batchMode
-noUpm
-name
AssetImportWorker3
-projectPath
C:/Users/seba3/OneDrive/Escritorio/Utalca/4to semestre/Taller de Videojuegos 2D/Proyecto/ProjectRagnarokk/proyecto Ragnarokk
-logFile
Logs/AssetImportWorker3.log
-srvPort
57401
Successfully changed project path to: C:/Users/seba3/OneDrive/Escritorio/Utalca/4to semestre/Taller de Videojuegos 2D/Proyecto/ProjectRagnarokk/proyecto Ragnarokk
C:/Users/seba3/OneDrive/Escritorio/Utalca/4to semestre/Taller de Videojuegos 2D/Proyecto/ProjectRagnarokk/proyecto Ragnarokk
Using Asset Import Pipeline V2.
Refreshing native plugins compatible for Editor in 63.75 ms, found 3 plugins.
Preloading 0 native plugins for Editor in 0.00 ms.
Initialize engine version: 2020.3.18f1 (a7d1c678663c)
[Subsystems] Discovering subsystems at path C:/Program Files/Unity/Hub/Editor/2020.3.18f1/Editor/Data/Resources/UnitySubsystems
[Subsystems] Discovering subsystems at path C:/Users/seba3/OneDrive/Escritorio/Utalca/4to semestre/Taller de Videojuegos 2D/Proyecto/ProjectRagnarokk/proyecto Ragnarokk/Assets
GfxDevice: creating device client; threaded=0
Direct3D:
    Version:  Direct3D 11.0 [level 11.1]
    Renderer: Intel(R) UHD Graphics (ID=0x9b41)
    Vendor:   
    VRAM:     3886 MB
    Driver:   26.20.100.7985
Initialize mono
Mono path[0] = 'C:/Program Files/Unity/Hub/Editor/2020.3.18f1/Editor/Data/Managed'
Mono path[1] = 'C:/Program Files/Unity/Hub/Editor/2020.3.18f1/Editor/Data/MonoBleedingEdge/lib/mono/unityjit'
Mono config path = 'C:/Program Files/Unity/Hub/Editor/2020.3.18f1/Editor/Data/MonoBleedingEdge/etc'
Using monoOptions --debugger-agent=transport=dt_socket,embedding=1,server=y,suspend=n,address=127.0.0.1:56136
Begin MonoManager ReloadAssembly
Registering precompiled unity dll's ...
Register platform support module: C:/Program Files/Unity/Hub/Editor/2020.3.18f1/Editor/Data/PlaybackEngines/WindowsStandaloneSupport/UnityEditor.WindowsStandalone.Extensions.dll
Registered in 0.002015 seconds.
Native extension for WindowsStandalone target not found
Refreshing native plugins compatible for Editor in 46.43 ms, found 3 plugins.
Preloading 0 native plugins for Editor in 0.00 ms.
Mono: successfully reloaded assembly
- Completed reload, in  2.037 seconds
Domain Reload Profiling:
	ReloadAssembly (2037ms)
		BeginReloadAssembly (56ms)
			ExecutionOrderSort (0ms)
			DisableScriptedObjects (0ms)
			BackupInstance (0ms)
			ReleaseScriptingObjects (0ms)
			CreateAndSetChildDomain (1ms)
		EndReloadAssembly (446ms)
			LoadAssemblies (53ms)
			RebuildTransferFunctionScriptingTraits (0ms)
			SetupTypeCache (149ms)
			ReleaseScriptCaches (0ms)
			RebuildScriptCaches (33ms)
			SetupLoadedEditorAssemblies (194ms)
				LogAssemblyErrors (0ms)
				InitializePlatformSupportModulesInManaged (4ms)
				SetLoadedEditorAssemblies (0ms)
				RefreshPlugins (47ms)
				BeforeProcessingInitializeOnLoad (17ms)
				ProcessInitializeOnLoadAttributes (91ms)
				ProcessInitializeOnLoadMethodAttributes (35ms)
				AfterProcessingInitializeOnLoad (0ms)
				EditorAssembliesLoaded (0ms)
			ExecutionOrderSort2 (0ms)
			AwakeInstancesAfterBackupRestoration (0ms)
Platform modules already initialized, skipping
Registering precompiled user dll's ...
Registered in 0.009953 seconds.
Begin MonoManager ReloadAssembly
Native extension for WindowsStandalone target not found
Refreshing native plugins compatible for Editor in 44.44 ms, found 3 plugins.
Preloading 0 native plugins for Editor in 0.00 ms.
Mono: successfully reloaded assembly
- Completed reload, in  3.015 seconds
Domain Reload Profiling:
	ReloadAssembly (3016ms)
		BeginReloadAssembly (159ms)
			ExecutionOrderSort (0ms)
			DisableScriptedObjects (5ms)
			BackupInstance (0ms)
			ReleaseScriptingObjects (0ms)
			CreateAndSetChildDomain (20ms)
		EndReloadAssembly (2766ms)
			LoadAssemblies (1091ms)
			RebuildTransferFunctionScriptingTraits (0ms)
			SetupTypeCache (423ms)
			ReleaseScriptCaches (1ms)
			RebuildScriptCaches (53ms)
			SetupLoadedEditorAssemblies (1056ms)
				LogAssemblyErrors (0ms)
				InitializePlatformSupportModulesInManaged (5ms)
				SetLoadedEditorAssemblies (0ms)
				RefreshPlugins (45ms)
				BeforeProcessingInitializeOnLoad (195ms)
				ProcessInitializeOnLoadAttributes (720ms)
				ProcessInitializeOnLoadMethodAttributes (85ms)
				AfterProcessingInitializeOnLoad (8ms)
				EditorAssembliesLoaded (0ms)
			ExecutionOrderSort2 (0ms)
			AwakeInstancesAfterBackupRestoration (7ms)
Platform modules already initialized, skipping
========================================================================
Worker process is ready to serve import requests
Launched and connected shader compiler UnityShaderCompiler.exe after 0.40 seconds
Refreshing native plugins compatible for Editor in 2.37 ms, found 3 plugins.
Preloading 0 native plugins for Editor in 0.00 ms.
Unloading 2168 Unused Serialized files (Serialized files now loaded: 0)
System memory in use before: 98.3 MB.
System memory in use after: 98.3 MB.

Unloading 36 unused Assets to reduce memory usage. Loaded Objects now: 2655.
Total: 42.866000 ms (FindLiveObjects: 0.704400 ms CreateObjectMapping: 0.331900 ms MarkObjects: 41.730800 ms  DeleteObjects: 0.095400 ms)

AssetImportParameters requested are different than current active one (requested -> active):
  custom:framework-win-MediaFoundation: 216162199b28c13a410421893ffa2e32 -> 
  custom:video-decoder-ogg-theora: a1e56fd34408186e4bbccfd4996cb3dc -> 
  custom:container-muxer-webm: aa71ff27fc2769a1b78a27578f13a17b -> 
  custom:container-demuxer-webm: 4f35f7cbe854078d1ac9338744f61a02 -> 
  custom:container-demuxer-ogg: 62fdf1f143b41e24485cea50d1cbac27 -> 
  custom:video-encoder-webm-vp8: eb34c28f22e8b96e1ab97ce403110664 -> 
  custom:video-codec-MediaFoundation-h265: 746d11721c4dcdbdad8f713fa42b33f4 -> 
  custom:video-decoder-webm-vp8: 9c59270c3fd7afecdb556c50c9e8de78 -> 
  custom:audio-decoder-ogg-vorbis: bf7c407c2cedff20999df2af8eb42d56 -> 
  custom:audio-encoder-webm-vorbis: bf7c407c2cedff20999df2af8eb42d56 -> 
========================================================================
Received Import Request.
  path: Assets/ExplorationState.cs
  artifactKey: Guid(08471e5f178318247965ddb1a780df02) Importer(815301076,1909f56bfc062723c751e8b465ee728b)
Start importing Assets/ExplorationState.cs using Guid(08471e5f178318247965ddb1a780df02) Importer(815301076,1909f56bfc062723c751e8b465ee728b)  -> (artifact id: '9964d233838bb64fc52bb1e6dfe25826') in 0.296186 seconds 
  Import took 0.382437 seconds .

========================================================================
Received Import Request.
  Time since last request: 111.557231 seconds.
  path: Assets/Button_Consumible.cs
  artifactKey: Guid(aae99ccc83d8c894f882d0abbdffc75c) Importer(815301076,1909f56bfc062723c751e8b465ee728b)
Start importing Assets/Button_Consumible.cs using Guid(aae99ccc83d8c894f882d0abbdffc75c) Importer(815301076,1909f56bfc062723c751e8b465ee728b)  -> (artifact id: '766d3f84fec5140b5b27bb2863fd5005') in 0.056742 seconds 
  Import took 0.112124 seconds .

========================================================================
Received Import Request.
  Time since last request: 0.030326 seconds.
  path: Assets/Button_Consumible.cs
  artifactKey: Guid(aae99ccc83d8c894f882d0abbdffc75c) Importer(815301076,1909f56bfc062723c751e8b465ee728b)
Start importing Assets/Button_Consumible.cs using Guid(aae99ccc83d8c894f882d0abbdffc75c) Importer(815301076,1909f56bfc062723c751e8b465ee728b)  -> (artifact id: '766d3f84fec5140b5b27bb2863fd5005') in 0.015992 seconds 
  Import took 0.033671 seconds .

========================================================================
Received Import Request.
  Time since last request: 4.822590 seconds.
  path: Assets/Button_StartFloor.cs
  artifactKey: Guid(51d646d0f14723442889236017f38027) Importer(815301076,1909f56bfc062723c751e8b465ee728b)
Start importing Assets/Button_StartFloor.cs using Guid(51d646d0f14723442889236017f38027) Importer(815301076,1909f56bfc062723c751e8b465ee728b)  -> (artifact id: '1404dec713d75e13cf5a52e1c6846918') in 0.032939 seconds 
  Import took 0.197470 seconds .

========================================================================
Received Import Request.
  Time since last request: 774.491884 seconds.
  path: Assets/Consumible.cs
  artifactKey: Guid(49f44d98b366a2245aed0af7a4de5581) Importer(815301076,1909f56bfc062723c751e8b465ee728b)
Start importing Assets/Consumible.cs using Guid(49f44d98b366a2245aed0af7a4de5581) Importer(815301076,1909f56bfc062723c751e8b465ee728b)  -> (artifact id: 'f142ad2facf8bcf2350dc9c0a99c13ca') in 0.022665 seconds 
  Import took 0.050982 seconds .

========================================================================
Received Import Request.
  Time since last request: 8.677548 seconds.
  path: Assets/LorePanel.cs
  artifactKey: Guid(d9ac716c19081214ebb07f38681eb79f) Importer(815301076,1909f56bfc062723c751e8b465ee728b)
Start importing Assets/LorePanel.cs using Guid(d9ac716c19081214ebb07f38681eb79f) Importer(815301076,1909f56bfc062723c751e8b465ee728b)  -> (artifact id: 'cb663c0a247ad5a6fa3bd93925c4c9fd') in 0.010788 seconds 
  Import took 0.085766 seconds .

========================================================================
Received Import Request.
  Time since last request: 0.015925 seconds.
  path: Assets/LorePanel.cs
  artifactKey: Guid(d9ac716c19081214ebb07f38681eb79f) Importer(815301076,1909f56bfc062723c751e8b465ee728b)
Start importing Assets/LorePanel.cs using Guid(d9ac716c19081214ebb07f38681eb79f) Importer(815301076,1909f56bfc062723c751e8b465ee728b)  -> (artifact id: 'cb663c0a247ad5a6fa3bd93925c4c9fd') in 0.009607 seconds 
  Import took 0.019504 seconds .

========================================================================
Received Import Request.
  Time since last request: 7.386883 seconds.
  path: Assets/SelectCharacterManager.cs
  artifactKey: Guid(3f1ac238d9129184fad72b5fd7a2e51f) Importer(815301076,1909f56bfc062723c751e8b465ee728b)
Start importing Assets/SelectCharacterManager.cs using Guid(3f1ac238d9129184fad72b5fd7a2e51f) Importer(815301076,1909f56bfc062723c751e8b465ee728b)  -> (artifact id: '4c6c6405942274a6f0dd31febbe632af') in 0.060228 seconds 
  Import took 0.087954 seconds .

========================================================================
Received Prepare
Registering precompiled user dll's ...
Registered in 0.011600 seconds.
Begin MonoManager ReloadAssembly
Native extension for WindowsStandalone target not found
Refreshing native plugins compatible for Editor in 0.70 ms, found 3 plugins.
Preloading 0 native plugins for Editor in 0.00 ms.
Mono: successfully reloaded assembly
- Completed reload, in  1.844 seconds
Domain Reload Profiling:
	ReloadAssembly (1845ms)
		BeginReloadAssembly (257ms)
			ExecutionOrderSort (0ms)
			DisableScriptedObjects (9ms)
			BackupInstance (0ms)
			ReleaseScriptingObjects (0ms)
			CreateAndSetChildDomain (154ms)
		EndReloadAssembly (1500ms)
			LoadAssemblies (178ms)
			RebuildTransferFunctionScriptingTraits (0ms)
			SetupTypeCache (353ms)
			ReleaseScriptCaches (1ms)
			RebuildScriptCaches (49ms)
			SetupLoadedEditorAssemblies (774ms)
				LogAssemblyErrors (0ms)
				InitializePlatformSupportModulesInManaged (6ms)
				SetLoadedEditorAssemblies (1ms)
				RefreshPlugins (1ms)
				BeforeProcessingInitializeOnLoad (95ms)
				ProcessInitializeOnLoadAttributes (639ms)
				ProcessInitializeOnLoadMethodAttributes (24ms)
				AfterProcessingInitializeOnLoad (8ms)
				EditorAssembliesLoaded (0ms)
			ExecutionOrderSort2 (0ms)
			AwakeInstancesAfterBackupRestoration (31ms)
Platform modules already initialized, skipping
Refreshing native plugins compatible for Editor in 0.86 ms, found 3 plugins.
Preloading 0 native plugins for Editor in 0.00 ms.
Unloading 2144 Unused Serialized files (Serialized files now loaded: 0)
System memory in use before: 96.4 MB.
System memory in use after: 96.5 MB.

Unloading 24 unused Assets to reduce memory usage. Loaded Objects now: 2658.
Total: 30.358700 ms (FindLiveObjects: 0.268400 ms CreateObjectMapping: 0.108400 ms MarkObjects: 29.952300 ms  DeleteObjects: 0.027300 ms)

AssetImportParameters requested are different than current active one (requested -> active):
  custom:framework-win-MediaFoundation: 216162199b28c13a410421893ffa2e32 -> 
  custom:video-decoder-ogg-theora: a1e56fd34408186e4bbccfd4996cb3dc -> 
  custom:container-muxer-webm: aa71ff27fc2769a1b78a27578f13a17b -> 
  custom:container-demuxer-webm: 4f35f7cbe854078d1ac9338744f61a02 -> 
  custom:container-demuxer-ogg: 62fdf1f143b41e24485cea50d1cbac27 -> 
  custom:video-encoder-webm-vp8: eb34c28f22e8b96e1ab97ce403110664 -> 
  custom:video-codec-MediaFoundation-h265: 746d11721c4dcdbdad8f713fa42b33f4 -> 
  custom:video-decoder-webm-vp8: 9c59270c3fd7afecdb556c50c9e8de78 -> 
  custom:audio-decoder-ogg-vorbis: bf7c407c2cedff20999df2af8eb42d56 -> 
  custom:audio-encoder-webm-vorbis: bf7c407c2cedff20999df2af8eb42d56 -> 
========================================================================
Received Import Request.
  Time since last request: 292.849661 seconds.
  path: Assets/CombatManager.cs
  artifactKey: Guid(5222553dafb0b0e4b9bf0ca604e4f306) Importer(815301076,1909f56bfc062723c751e8b465ee728b)
Start importing Assets/CombatManager.cs using Guid(5222553dafb0b0e4b9bf0ca604e4f306) Importer(815301076,1909f56bfc062723c751e8b465ee728b)  -> (artifact id: 'a89a00a54c53e39763b2d541debf9032') in 0.147032 seconds 
  Import took 0.308128 seconds .

========================================================================
Received Import Request.
  Time since last request: 518.617405 seconds.
  path: Assets/Exploration
  artifactKey: Guid(9cc79c86091bca54a985821edc670f1b) Importer(815301076,1909f56bfc062723c751e8b465ee728b)
Start importing Assets/Exploration using Guid(9cc79c86091bca54a985821edc670f1b) Importer(815301076,1909f56bfc062723c751e8b465ee728b)  -> (artifact id: '73f43de27ed23d353f4ed872f17e2650') in 0.271220 seconds 
  Import took 0.368019 seconds .

========================================================================
Received Import Request.
  Time since last request: 4.639552 seconds.
  path: Assets/Exploration/Rooms
  artifactKey: Guid(9c280e387f245c7419eb133bfd512d84) Importer(815301076,1909f56bfc062723c751e8b465ee728b)
Start importing Assets/Exploration/Rooms using Guid(9c280e387f245c7419eb133bfd512d84) Importer(815301076,1909f56bfc062723c751e8b465ee728b)  -> (artifact id: '28c3512ba140c099e314dfe343261e8a') in 0.063852 seconds 
  Import took 0.110561 seconds .

========================================================================
Received Import Request.
  Time since last request: 180.355218 seconds.
  path: Assets/Exploration/ExplorationManager.prefab
  artifactKey: Guid(5b42f6b4cb4c14144af6fefbfbf22a2b) Importer(815301076,1909f56bfc062723c751e8b465ee728b)
Start importing Assets/Exploration/ExplorationManager.prefab using Guid(5b42f6b4cb4c14144af6fefbfbf22a2b) Importer(815301076,1909f56bfc062723c751e8b465ee728b)  -> (artifact id: 'f5dbbb1af3e8e0ff410d157c8c4e071d') in 1.571643 seconds 
  Import took 1.627322 seconds .

========================================================================
Received Import Request.
  Time since last request: 3.545764 seconds.
  path: Assets/Exploration/Floor_0.1.asset
  artifactKey: Guid(92d37ea7ae8099d46bca92e38d46ada2) Importer(815301076,1909f56bfc062723c751e8b465ee728b)
Start importing Assets/Exploration/Floor_0.1.asset using Guid(92d37ea7ae8099d46bca92e38d46ada2) Importer(815301076,1909f56bfc062723c751e8b465ee728b)  -> (artifact id: '3732fbae2ad84d618ce9ad59036896d0') in 0.130266 seconds 
  Import took 0.150590 seconds .

========================================================================
Received Import Request.
  Time since last request: 0.004216 seconds.
  path: Assets/Exploration/Floor_0.1.asset
  artifactKey: Guid(92d37ea7ae8099d46bca92e38d46ada2) Importer(815301076,1909f56bfc062723c751e8b465ee728b)
Start importing Assets/Exploration/Floor_0.1.asset using Guid(92d37ea7ae8099d46bca92e38d46ada2) Importer(815301076,1909f56bfc062723c751e8b465ee728b)  -> (artifact id: '3732fbae2ad84d618ce9ad59036896d0') in 0.085122 seconds 
  Import took 0.089737 seconds .

========================================================================
Received Import Request.
  Time since last request: 0.000250 seconds.
  path: Assets/Exploration/Rooms/Data/TreasureRoom_0.asset
  artifactKey: Guid(28d7f7095a2705446ac85fa023719489) Importer(815301076,1909f56bfc062723c751e8b465ee728b)
Start importing Assets/Exploration/Rooms/Data/TreasureRoom_0.asset using Guid(28d7f7095a2705446ac85fa023719489) Importer(815301076,1909f56bfc062723c751e8b465ee728b)  -> (artifact id: '1f21725c2bb0bf90da731bed425c9415') in 0.012411 seconds 
  Import took 0.023971 seconds .

========================================================================
Received Import Request.
  Time since last request: 0.013397 seconds.
  path: Assets/Exploration/Rooms/Data/HealRoom_0.1.asset
  artifactKey: Guid(3c63d2627edc677498c4e6588cd250d4) Importer(815301076,1909f56bfc062723c751e8b465ee728b)
Start importing Assets/Exploration/Rooms/Data/HealRoom_0.1.asset using Guid(3c63d2627edc677498c4e6588cd250d4) Importer(815301076,1909f56bfc062723c751e8b465ee728b)  -> (artifact id: '832a84970961ed70bd205ad08f1c20c7') in 0.105148 seconds 
  Import took 0.164451 seconds .

========================================================================
Received Import Request.
  Time since last request: 0.001765 seconds.
  path: Assets/Exploration/Rooms/Data/EndRoom.asset
  artifactKey: Guid(80ebdace71d081c4aa2eceb6ba2595e0) Importer(815301076,1909f56bfc062723c751e8b465ee728b)
Start importing Assets/Exploration/Rooms/Data/EndRoom.asset using Guid(80ebdace71d081c4aa2eceb6ba2595e0) Importer(815301076,1909f56bfc062723c751e8b465ee728b)  -> (artifact id: '2a8cf82a0e57de827c5777f6467febd8') in 0.035247 seconds 
  Import took 0.116600 seconds .

========================================================================
Received Import Request.
  Time since last request: 0.056466 seconds.
  path: Assets/Exploration/Rooms/Data/Combat rooms/CombatRoom_0.2.asset
  artifactKey: Guid(69cb645ef361b0f48a6f795fd256aa22) Importer(815301076,1909f56bfc062723c751e8b465ee728b)
Start importing Assets/Exploration/Rooms/Data/Combat rooms/CombatRoom_0.2.asset using Guid(69cb645ef361b0f48a6f795fd256aa22) Importer(815301076,1909f56bfc062723c751e8b465ee728b)  -> (artifact id: '92756773292b9d0b25ac07e8a7325f18') in 0.046014 seconds 
  Import took 0.076357 seconds .

========================================================================
Received Import Request.
  Time since last request: 0.000485 seconds.
  path: Assets/Exploration/Rooms/Data/LoreRoom_0.1.asset
  artifactKey: Guid(3cffd8095e141994d8d0500b99644bd7) Importer(815301076,1909f56bfc062723c751e8b465ee728b)
Start importing Assets/Exploration/Rooms/Data/LoreRoom_0.1.asset using Guid(3cffd8095e141994d8d0500b99644bd7) Importer(815301076,1909f56bfc062723c751e8b465ee728b)  -> (artifact id: '62910cfb7ff960dbca81a31b789fd617') in 0.089666 seconds 
  Import took 0.119017 seconds .

========================================================================
Received Import Request.
  Time since last request: 0.000210 seconds.
  path: Assets/Exploration/Rooms/Data/Combat rooms/CombatRoom_0.1.asset
  artifactKey: Guid(d0bd37d8903016f458728ee0d8baccde) Importer(815301076,1909f56bfc062723c751e8b465ee728b)
Start importing Assets/Exploration/Rooms/Data/Combat rooms/CombatRoom_0.1.asset using Guid(d0bd37d8903016f458728ee0d8baccde) Importer(815301076,1909f56bfc062723c751e8b465ee728b)  -> (artifact id: '83dd9e074b46c398716d4b27f0fe7002') in 0.088827 seconds 
  Import took 0.099891 seconds .

========================================================================
Received Import Request.
  Time since last request: 0.000301 seconds.
  path: Assets/Exploration/Rooms/Data/ShopRoom_0.asset
  artifactKey: Guid(1719de080524d7a40ab20022cad5c8bc) Importer(815301076,1909f56bfc062723c751e8b465ee728b)
Start importing Assets/Exploration/Rooms/Data/ShopRoom_0.asset using Guid(1719de080524d7a40ab20022cad5c8bc) Importer(815301076,1909f56bfc062723c751e8b465ee728b)  -> (artifact id: 'c9a9a38c7a578a29be738de407929a09') in 0.041022 seconds 
  Import took 0.046942 seconds .

========================================================================
Received Import Request.
  Time since last request: 0.000237 seconds.
  path: Assets/Exploration/Rooms/Data/Combat rooms/CombatRoom_0.3.asset
  artifactKey: Guid(9dbbe00ef1c70e545b7b087e8e790e47) Importer(815301076,1909f56bfc062723c751e8b465ee728b)
Start importing Assets/Exploration/Rooms/Data/Combat rooms/CombatRoom_0.3.asset using Guid(9dbbe00ef1c70e545b7b087e8e790e47) Importer(815301076,1909f56bfc062723c751e8b465ee728b)  -> (artifact id: 'e4bc817e0a95effb65280dcf5bde990e') in 0.062748 seconds 
  Import took 0.092835 seconds .

========================================================================
Received Import Request.
  Time since last request: 0.000417 seconds.
  path: Assets/Exploration/Rooms/Data/Combat rooms/CombatRoom_0.4.asset
  artifactKey: Guid(5c1d3fc84c901bf4f8a80111ff2230f2) Importer(815301076,1909f56bfc062723c751e8b465ee728b)
Start importing Assets/Exploration/Rooms/Data/Combat rooms/CombatRoom_0.4.asset using Guid(5c1d3fc84c901bf4f8a80111ff2230f2) Importer(815301076,1909f56bfc062723c751e8b465ee728b)  -> (artifact id: '7707401d77871fab6a23fc4ab398151d') in 0.080055 seconds 
  Import took 0.149781 seconds .

========================================================================
Received Import Request.
  Time since last request: 0.000346 seconds.
  path: Assets/Exploration/Rooms/Data/Combat rooms/CombatRoom_0.5.asset
  artifactKey: Guid(6e1b428c3550e874f8a6f6eb88dfbf71) Importer(815301076,1909f56bfc062723c751e8b465ee728b)
Start importing Assets/Exploration/Rooms/Data/Combat rooms/CombatRoom_0.5.asset using Guid(6e1b428c3550e874f8a6f6eb88dfbf71) Importer(815301076,1909f56bfc062723c751e8b465ee728b)  -> (artifact id: '6922e4942c3b1cecfbf78863ac910f4f') in 0.080613 seconds 
  Import took 0.155457 seconds .

========================================================================
Received Import Request.
  Time since last request: 0.000200 seconds.
  path: Assets/Exploration/Rooms/Data/StartRoom.asset
  artifactKey: Guid(c4fbe395b7fb9ec469ebe069666a5c54) Importer(815301076,1909f56bfc062723c751e8b465ee728b)
Start importing Assets/Exploration/Rooms/Data/StartRoom.asset using Guid(c4fbe395b7fb9ec469ebe069666a5c54) Importer(815301076,1909f56bfc062723c751e8b465ee728b)  -> (artifact id: '77e45cad11077cdccf554a51ad979ae5') in 0.056991 seconds 
  Import took 0.063146 seconds .

========================================================================
Received Import Request.
  Time since last request: 0.000246 seconds.
  path: Assets/Exploration/Rooms/Data/HealRoom_0.1.asset
  artifactKey: Guid(3c63d2627edc677498c4e6588cd250d4) Importer(815301076,1909f56bfc062723c751e8b465ee728b)
Start importing Assets/Exploration/Rooms/Data/HealRoom_0.1.asset using Guid(3c63d2627edc677498c4e6588cd250d4) Importer(815301076,1909f56bfc062723c751e8b465ee728b)  -> (artifact id: '832a84970961ed70bd205ad08f1c20c7') in 0.117085 seconds 
  Import took 0.129440 seconds .

========================================================================
Received Prepare
Registering precompiled user dll's ...
Registered in 0.056104 seconds.
Begin MonoManager ReloadAssembly
Native extension for WindowsStandalone target not found
Refreshing native plugins compatible for Editor in 0.76 ms, found 3 plugins.
Preloading 0 native plugins for Editor in 0.00 ms.
Mono: successfully reloaded assembly
- Completed reload, in  1.555 seconds
Domain Reload Profiling:
	ReloadAssembly (1555ms)
		BeginReloadAssembly (130ms)
			ExecutionOrderSort (0ms)
			DisableScriptedObjects (7ms)
			BackupInstance (0ms)
			ReleaseScriptingObjects (0ms)
			CreateAndSetChildDomain (54ms)
		EndReloadAssembly (1360ms)
			LoadAssemblies (121ms)
			RebuildTransferFunctionScriptingTraits (0ms)
			SetupTypeCache (329ms)
			ReleaseScriptCaches (1ms)
			RebuildScriptCaches (42ms)
			SetupLoadedEditorAssemblies (720ms)
				LogAssemblyErrors (0ms)
				InitializePlatformSupportModulesInManaged (6ms)
				SetLoadedEditorAssemblies (0ms)
				RefreshPlugins (1ms)
				BeforeProcessingInitializeOnLoad (87ms)
				ProcessInitializeOnLoadAttributes (589ms)
				ProcessInitializeOnLoadMethodAttributes (27ms)
				AfterProcessingInitializeOnLoad (10ms)
				EditorAssembliesLoaded (1ms)
			ExecutionOrderSort2 (0ms)
			AwakeInstancesAfterBackupRestoration (21ms)
Platform modules already initialized, skipping
Refreshing native plugins compatible for Editor in 1.97 ms, found 3 plugins.
Preloading 0 native plugins for Editor in 0.00 ms.
Unloading 2144 Unused Serialized files (Serialized files now loaded: 0)
System memory in use before: 96.5 MB.
System memory in use after: 96.6 MB.

Unloading 24 unused Assets to reduce memory usage. Loaded Objects now: 2661.
Total: 52.253700 ms (FindLiveObjects: 0.404800 ms CreateObjectMapping: 0.160900 ms MarkObjects: 51.624300 ms  DeleteObjects: 0.061600 ms)

AssetImportParameters requested are different than current active one (requested -> active):
  custom:framework-win-MediaFoundation: 216162199b28c13a410421893ffa2e32 -> 
  custom:video-decoder-ogg-theora: a1e56fd34408186e4bbccfd4996cb3dc -> 
  custom:container-muxer-webm: aa71ff27fc2769a1b78a27578f13a17b -> 
  custom:container-demuxer-webm: 4f35f7cbe854078d1ac9338744f61a02 -> 
  custom:container-demuxer-ogg: 62fdf1f143b41e24485cea50d1cbac27 -> 
  custom:video-encoder-webm-vp8: eb34c28f22e8b96e1ab97ce403110664 -> 
  custom:video-codec-MediaFoundation-h265: 746d11721c4dcdbdad8f713fa42b33f4 -> 
  custom:video-decoder-webm-vp8: 9c59270c3fd7afecdb556c50c9e8de78 -> 
  custom:audio-decoder-ogg-vorbis: bf7c407c2cedff20999df2af8eb42d56 -> 
  custom:audio-encoder-webm-vorbis: bf7c407c2cedff20999df2af8eb42d56 -> 
AssetImportWorkerClient::OnTransportError - code=2 error=End of file
