Using pre-set license
Built from '2020.3/staging' branch; Version is '2020.3.18f1 (a7d1c678663c) revision 10998214'; Using compiler version '192528614'; Build Type 'Release'
OS: 'Windows 10 Pro Education; OS build 18363.1556; Version 1909; 64bit' Language: 'es' Physical Memory: 7773 MB
BatchMode: 1, IsHumanControllingUs: 0, StartBugReporterOnCrash: 0, Is64bit: 1, IsPro: 0

COMMAND LINE ARGUMENTS:
C:\Program Files\Unity\Hub\Editor\2020.3.18f1\Editor\Unity.exe
-adb2
-batchMode
-noUpm
-name
AssetImportWorker4
-projectPath
C:/Users/seba3/OneDrive/Escritorio/Utalca/4to semestre/Taller de Videojuegos 2D/Proyecto/ProjectRagnarokk/proyecto Ragnarokk
-logFile
Logs/AssetImportWorker4.log
-srvPort
60725
Successfully changed project path to: C:/Users/seba3/OneDrive/Escritorio/Utalca/4to semestre/Taller de Videojuegos 2D/Proyecto/ProjectRagnarokk/proyecto Ragnarokk
C:/Users/seba3/OneDrive/Escritorio/Utalca/4to semestre/Taller de Videojuegos 2D/Proyecto/ProjectRagnarokk/proyecto Ragnarokk
Using Asset Import Pipeline V2.
Refreshing native plugins compatible for Editor in 147.33 ms, found 3 plugins.
Preloading 0 native plugins for Editor in 0.00 ms.
Initialize engine version: 2020.3.18f1 (a7d1c678663c)
[Subsystems] Discovering subsystems at path C:/Program Files/Unity/Hub/Editor/2020.3.18f1/Editor/Data/Resources/UnitySubsystems
[Subsystems] Discovering subsystems at path C:/Users/seba3/OneDrive/Escritorio/Utalca/4to semestre/Taller de Videojuegos 2D/Proyecto/ProjectRagnarokk/proyecto Ragnarokk/Assets
GfxDevice: creating device client; threaded=0
Direct3D:
    Version:  Direct3D 11.0 [level 11.1]
    Renderer: Intel(R) UHD Graphics (ID=0x9b41)
    Vendor:   
    VRAM:     3886 MB
    Driver:   26.20.100.7985
Initialize mono
Mono path[0] = 'C:/Program Files/Unity/Hub/Editor/2020.3.18f1/Editor/Data/Managed'
Mono path[1] = 'C:/Program Files/Unity/Hub/Editor/2020.3.18f1/Editor/Data/MonoBleedingEdge/lib/mono/unityjit'
Mono config path = 'C:/Program Files/Unity/Hub/Editor/2020.3.18f1/Editor/Data/MonoBleedingEdge/etc'
Using monoOptions --debugger-agent=transport=dt_socket,embedding=1,server=y,suspend=n,address=127.0.0.1:56036
Begin MonoManager ReloadAssembly
Registering precompiled unity dll's ...
Register platform support module: C:/Program Files/Unity/Hub/Editor/2020.3.18f1/Editor/Data/PlaybackEngines/WindowsStandaloneSupport/UnityEditor.WindowsStandalone.Extensions.dll
Registered in 0.002129 seconds.
Native extension for WindowsStandalone target not found
Refreshing native plugins compatible for Editor in 47.45 ms, found 3 plugins.
Preloading 0 native plugins for Editor in 0.00 ms.
Mono: successfully reloaded assembly
- Completed reload, in  2.042 seconds
Domain Reload Profiling:
	ReloadAssembly (2042ms)
		BeginReloadAssembly (60ms)
			ExecutionOrderSort (0ms)
			DisableScriptedObjects (0ms)
			BackupInstance (0ms)
			ReleaseScriptingObjects (0ms)
			CreateAndSetChildDomain (1ms)
		EndReloadAssembly (443ms)
			LoadAssemblies (56ms)
			RebuildTransferFunctionScriptingTraits (0ms)
			SetupTypeCache (154ms)
			ReleaseScriptCaches (0ms)
			RebuildScriptCaches (34ms)
			SetupLoadedEditorAssemblies (182ms)
				LogAssemblyErrors (0ms)
				InitializePlatformSupportModulesInManaged (4ms)
				SetLoadedEditorAssemblies (0ms)
				RefreshPlugins (48ms)
				BeforeProcessingInitializeOnLoad (16ms)
				ProcessInitializeOnLoadAttributes (81ms)
				ProcessInitializeOnLoadMethodAttributes (33ms)
				AfterProcessingInitializeOnLoad (0ms)
				EditorAssembliesLoaded (0ms)
			ExecutionOrderSort2 (0ms)
			AwakeInstancesAfterBackupRestoration (0ms)
Platform modules already initialized, skipping
Registering precompiled user dll's ...
Registered in 0.010695 seconds.
Begin MonoManager ReloadAssembly
Native extension for WindowsStandalone target not found
Refreshing native plugins compatible for Editor in 48.75 ms, found 3 plugins.
Preloading 0 native plugins for Editor in 0.00 ms.
Mono: successfully reloaded assembly
- Completed reload, in  7.809 seconds
Domain Reload Profiling:
	ReloadAssembly (7815ms)
		BeginReloadAssembly (160ms)
			ExecutionOrderSort (0ms)
			DisableScriptedObjects (5ms)
			BackupInstance (0ms)
			ReleaseScriptingObjects (0ms)
			CreateAndSetChildDomain (25ms)
		EndReloadAssembly (7563ms)
			LoadAssemblies (5075ms)
			RebuildTransferFunctionScriptingTraits (0ms)
			SetupTypeCache (927ms)
			ReleaseScriptCaches (1ms)
			RebuildScriptCaches (66ms)
			SetupLoadedEditorAssemblies (1318ms)
				LogAssemblyErrors (0ms)
				InitializePlatformSupportModulesInManaged (5ms)
				SetLoadedEditorAssemblies (0ms)
				RefreshPlugins (49ms)
				BeforeProcessingInitializeOnLoad (89ms)
				ProcessInitializeOnLoadAttributes (993ms)
				ProcessInitializeOnLoadMethodAttributes (165ms)
				AfterProcessingInitializeOnLoad (17ms)
				EditorAssembliesLoaded (0ms)
			ExecutionOrderSort2 (0ms)
			AwakeInstancesAfterBackupRestoration (8ms)
Platform modules already initialized, skipping
========================================================================
Worker process is ready to serve import requests
Launched and connected shader compiler UnityShaderCompiler.exe after 0.72 seconds
Refreshing native plugins compatible for Editor in 0.77 ms, found 3 plugins.
Preloading 0 native plugins for Editor in 0.00 ms.
Unloading 2206 Unused Serialized files (Serialized files now loaded: 0)
System memory in use before: 99.3 MB.
System memory in use after: 99.4 MB.

Unloading 36 unused Assets to reduce memory usage. Loaded Objects now: 2693.
Total: 111.126200 ms (FindLiveObjects: 0.563600 ms CreateObjectMapping: 0.294800 ms MarkObjects: 110.168600 ms  DeleteObjects: 0.096700 ms)

AssetImportParameters requested are different than current active one (requested -> active):
  custom:framework-win-MediaFoundation: 216162199b28c13a410421893ffa2e32 -> 
  custom:video-decoder-ogg-theora: a1e56fd34408186e4bbccfd4996cb3dc -> 
  custom:container-muxer-webm: aa71ff27fc2769a1b78a27578f13a17b -> 
  custom:container-demuxer-webm: 4f35f7cbe854078d1ac9338744f61a02 -> 
  custom:container-demuxer-ogg: 62fdf1f143b41e24485cea50d1cbac27 -> 
  custom:video-encoder-webm-vp8: eb34c28f22e8b96e1ab97ce403110664 -> 
  custom:video-codec-MediaFoundation-h265: 746d11721c4dcdbdad8f713fa42b33f4 -> 
  custom:video-decoder-webm-vp8: 9c59270c3fd7afecdb556c50c9e8de78 -> 
  custom:audio-decoder-ogg-vorbis: bf7c407c2cedff20999df2af8eb42d56 -> 
  custom:audio-encoder-webm-vorbis: bf7c407c2cedff20999df2af8eb42d56 -> 
========================================================================
Received Import Request.
  path: Assets/Game Data/Encounters/Enc_1.asset
  artifactKey: Guid(41e5e2316e84e3f4c9f6161d6acf44ff) Importer(815301076,1909f56bfc062723c751e8b465ee728b)
Start importing Assets/Game Data/Encounters/Enc_1.asset using Guid(41e5e2316e84e3f4c9f6161d6acf44ff) Importer(815301076,1909f56bfc062723c751e8b465ee728b)  -> (artifact id: 'd6b759db19f1b7a847521b0c73e05be8') in 1.566380 seconds 
  Import took 1.636096 seconds .

========================================================================
Received Import Request.
  Time since last request: 0.000428 seconds.
  path: Assets/Game Data/Encounters/Enc_boss.asset
  artifactKey: Guid(62198726c4a7ab74193c27faa7906d5a) Importer(815301076,1909f56bfc062723c751e8b465ee728b)
Start importing Assets/Game Data/Encounters/Enc_boss.asset using Guid(62198726c4a7ab74193c27faa7906d5a) Importer(815301076,1909f56bfc062723c751e8b465ee728b)  -> (artifact id: 'ab17e627cb799b940314bedf70e319d9') in 0.135130 seconds 
  Import took 0.225823 seconds .

========================================================================
Received Import Request.
  Time since last request: 0.000432 seconds.
  path: Assets/Game Data/Encounters/Type Test 1.asset
  artifactKey: Guid(8baa6ecc57e033a46bb8b5874cdf3210) Importer(815301076,1909f56bfc062723c751e8b465ee728b)
Start importing Assets/Game Data/Encounters/Type Test 1.asset using Guid(8baa6ecc57e033a46bb8b5874cdf3210) Importer(815301076,1909f56bfc062723c751e8b465ee728b)  -> (artifact id: 'cfec6e5d36a3198f8a53130c2f748375') in 0.263146 seconds 
  Import took 0.298375 seconds .

========================================================================
Received Import Request.
  Time since last request: 0.000257 seconds.
  path: Assets/Game Data/Encounters/Type Test 2.asset
  artifactKey: Guid(b0df60df63ad2c14b9ae862e78dc52ff) Importer(815301076,1909f56bfc062723c751e8b465ee728b)
Start importing Assets/Game Data/Encounters/Type Test 2.asset using Guid(b0df60df63ad2c14b9ae862e78dc52ff) Importer(815301076,1909f56bfc062723c751e8b465ee728b)  -> (artifact id: '646eae4108732689edc6e153d8a7cf70') in 0.256940 seconds 
  Import took 0.316800 seconds .

========================================================================
Received Import Request.
  Time since last request: 45.325590 seconds.
  path: Assets/Exploration/Rooms/Data/Combat rooms/CombatRoom_0.6.asset
  artifactKey: Guid(6cbd6da0323d0e2479e8a9fa9ff778b8) Importer(815301076,1909f56bfc062723c751e8b465ee728b)
Start importing Assets/Exploration/Rooms/Data/Combat rooms/CombatRoom_0.6.asset using Guid(6cbd6da0323d0e2479e8a9fa9ff778b8) Importer(815301076,1909f56bfc062723c751e8b465ee728b)  -> (artifact id: '6d25031ca97095820524fb296b1231ce') in 0.208622 seconds 
  Import took 0.231700 seconds .

========================================================================
Received Import Request.
  Time since last request: 36.442924 seconds.
  path: Assets/Exploration/Rooms/Data/Combat rooms/New Combat Encounter.asset
  artifactKey: Guid(bff52c0d3774bcf45adbf62996411eeb) Importer(815301076,1909f56bfc062723c751e8b465ee728b)
Start importing Assets/Exploration/Rooms/Data/Combat rooms/New Combat Encounter.asset using Guid(bff52c0d3774bcf45adbf62996411eeb) Importer(815301076,1909f56bfc062723c751e8b465ee728b)  -> (artifact id: 'b3905fa2c2f5bda9c2393f03a72a3e56') in 0.101261 seconds 
  Import took 0.124720 seconds .

========================================================================
Received Import Request.
  Time since last request: 26.337886 seconds.
  path: Assets/Exploration/Rooms/Data/Combat rooms/CombatRoom_TypeTest.asset
  artifactKey: Guid(dc2a145922fb14d42a0d51b7830bc031) Importer(815301076,1909f56bfc062723c751e8b465ee728b)
Start importing Assets/Exploration/Rooms/Data/Combat rooms/CombatRoom_TypeTest.asset using Guid(dc2a145922fb14d42a0d51b7830bc031) Importer(815301076,1909f56bfc062723c751e8b465ee728b)  -> (artifact id: 'b8a59698949352d6bb6bcb3e3bc32b32') in 0.033517 seconds 
  Import took 0.068129 seconds .

========================================================================
Received Import Request.
  Time since last request: 9.145738 seconds.
  path: Assets/Exploration/Rooms/Data/Combat rooms/CombatRoom_TypeTest_1.asset
  artifactKey: Guid(dc2a145922fb14d42a0d51b7830bc031) Importer(815301076,1909f56bfc062723c751e8b465ee728b)
Start importing Assets/Exploration/Rooms/Data/Combat rooms/CombatRoom_TypeTest_1.asset using Guid(dc2a145922fb14d42a0d51b7830bc031) Importer(815301076,1909f56bfc062723c751e8b465ee728b)  -> (artifact id: '29cefaca5f02b353154461cd214002dc') in 0.025365 seconds 
  Import took 0.059504 seconds .

========================================================================
Received Import Request.
  Time since last request: 41.592211 seconds.
  path: Assets/Exploration/Rooms/Data/Combat rooms/CombatRoom_TypeTest_2.asset
  artifactKey: Guid(c5b65217eeba87949935951d8fc2348c) Importer(815301076,1909f56bfc062723c751e8b465ee728b)
Start importing Assets/Exploration/Rooms/Data/Combat rooms/CombatRoom_TypeTest_2.asset using Guid(c5b65217eeba87949935951d8fc2348c) Importer(815301076,1909f56bfc062723c751e8b465ee728b)  -> (artifact id: 'e10f9d8ab6112c7dcaeeb151638a28d6') in 0.034883 seconds 
  Import took 0.062341 seconds .

========================================================================
Received Import Request.
  Time since last request: 0.002126 seconds.
  path: Assets/Exploration/Rooms/Data/Combat rooms/CombatRoom_TypeTest_2.asset
  artifactKey: Guid(c5b65217eeba87949935951d8fc2348c) Importer(815301076,1909f56bfc062723c751e8b465ee728b)
Start importing Assets/Exploration/Rooms/Data/Combat rooms/CombatRoom_TypeTest_2.asset using Guid(c5b65217eeba87949935951d8fc2348c) Importer(815301076,1909f56bfc062723c751e8b465ee728b)  -> (artifact id: 'e10f9d8ab6112c7dcaeeb151638a28d6') in 0.020366 seconds 
  Import took 0.058799 seconds .

========================================================================
Received Prepare
Registering precompiled user dll's ...
Registered in 0.350150 seconds.
Begin MonoManager ReloadAssembly
Native extension for WindowsStandalone target not found
Refreshing native plugins compatible for Editor in 0.71 ms, found 3 plugins.
Preloading 0 native plugins for Editor in 0.00 ms.
Mono: successfully reloaded assembly
- Completed reload, in  8.733 seconds
Domain Reload Profiling:
	ReloadAssembly (8735ms)
		BeginReloadAssembly (1753ms)
			ExecutionOrderSort (0ms)
			DisableScriptedObjects (145ms)
			BackupInstance (0ms)
			ReleaseScriptingObjects (1ms)
			CreateAndSetChildDomain (456ms)
		EndReloadAssembly (6412ms)
			LoadAssemblies (3425ms)
			RebuildTransferFunctionScriptingTraits (0ms)
			SetupTypeCache (1309ms)
			ReleaseScriptCaches (2ms)
			RebuildScriptCaches (53ms)
			SetupLoadedEditorAssemblies (1957ms)
				LogAssemblyErrors (0ms)
				InitializePlatformSupportModulesInManaged (44ms)
				SetLoadedEditorAssemblies (1ms)
				RefreshPlugins (1ms)
				BeforeProcessingInitializeOnLoad (139ms)
				ProcessInitializeOnLoadAttributes (1676ms)
				ProcessInitializeOnLoadMethodAttributes (84ms)
				AfterProcessingInitializeOnLoad (13ms)
				EditorAssembliesLoaded (0ms)
			ExecutionOrderSort2 (0ms)
			AwakeInstancesAfterBackupRestoration (12ms)
Platform modules already initialized, skipping
Refreshing native plugins compatible for Editor in 0.65 ms, found 3 plugins.
Preloading 0 native plugins for Editor in 0.00 ms.
Unloading 2182 Unused Serialized files (Serialized files now loaded: 0)
System memory in use before: 97.7 MB.
System memory in use after: 97.8 MB.

Unloading 24 unused Assets to reduce memory usage. Loaded Objects now: 2696.
Total: 25.765700 ms (FindLiveObjects: 0.289400 ms CreateObjectMapping: 0.119600 ms MarkObjects: 25.315200 ms  DeleteObjects: 0.039200 ms)

AssetImportParameters requested are different than current active one (requested -> active):
  custom:framework-win-MediaFoundation: 216162199b28c13a410421893ffa2e32 -> 
  custom:video-decoder-ogg-theora: a1e56fd34408186e4bbccfd4996cb3dc -> 
  custom:container-muxer-webm: aa71ff27fc2769a1b78a27578f13a17b -> 
  custom:container-demuxer-webm: 4f35f7cbe854078d1ac9338744f61a02 -> 
  custom:container-demuxer-ogg: 62fdf1f143b41e24485cea50d1cbac27 -> 
  custom:video-encoder-webm-vp8: eb34c28f22e8b96e1ab97ce403110664 -> 
  custom:video-codec-MediaFoundation-h265: 746d11721c4dcdbdad8f713fa42b33f4 -> 
  custom:video-decoder-webm-vp8: 9c59270c3fd7afecdb556c50c9e8de78 -> 
  custom:audio-decoder-ogg-vorbis: bf7c407c2cedff20999df2af8eb42d56 -> 
  custom:audio-encoder-webm-vorbis: bf7c407c2cedff20999df2af8eb42d56 -> 
========================================================================
Received Import Request.
  Time since last request: 1679.712967 seconds.
  path: Assets/CombatManager.cs
  artifactKey: Guid(5222553dafb0b0e4b9bf0ca604e4f306) Importer(815301076,1909f56bfc062723c751e8b465ee728b)
Start importing Assets/CombatManager.cs using Guid(5222553dafb0b0e4b9bf0ca604e4f306) Importer(815301076,1909f56bfc062723c751e8b465ee728b)  -> (artifact id: '68f41072d4b41717ef9e8067fc512c78') in 0.139116 seconds 
  Import took 0.180307 seconds .

========================================================================
Received Prepare
Registering precompiled user dll's ...
Registered in 1.444413 seconds.
Begin MonoManager ReloadAssembly
Native extension for WindowsStandalone target not found
Refreshing native plugins compatible for Editor in 0.90 ms, found 3 plugins.
Preloading 0 native plugins for Editor in 0.00 ms.
Mono: successfully reloaded assembly
- Completed reload, in  6.499 seconds
Domain Reload Profiling:
	ReloadAssembly (6618ms)
		BeginReloadAssembly (4071ms)
			ExecutionOrderSort (0ms)
			DisableScriptedObjects (1747ms)
			BackupInstance (0ms)
			ReleaseScriptingObjects (21ms)
			CreateAndSetChildDomain (1614ms)
		EndReloadAssembly (2376ms)
			LoadAssemblies (226ms)
			RebuildTransferFunctionScriptingTraits (0ms)
			SetupTypeCache (676ms)
			ReleaseScriptCaches (1ms)
			RebuildScriptCaches (59ms)
			SetupLoadedEditorAssemblies (1210ms)
				LogAssemblyErrors (0ms)
				InitializePlatformSupportModulesInManaged (7ms)
				SetLoadedEditorAssemblies (1ms)
				RefreshPlugins (1ms)
				BeforeProcessingInitializeOnLoad (172ms)
				ProcessInitializeOnLoadAttributes (987ms)
				ProcessInitializeOnLoadMethodAttributes (35ms)
				AfterProcessingInitializeOnLoad (8ms)
				EditorAssembliesLoaded (0ms)
			ExecutionOrderSort2 (0ms)
			AwakeInstancesAfterBackupRestoration (11ms)
Platform modules already initialized, skipping
Refreshing native plugins compatible for Editor in 0.99 ms, found 3 plugins.
Preloading 0 native plugins for Editor in 0.00 ms.
Unloading 2182 Unused Serialized files (Serialized files now loaded: 0)
System memory in use before: 97.7 MB.
System memory in use after: 97.8 MB.

Unloading 24 unused Assets to reduce memory usage. Loaded Objects now: 2699.
Total: 48.385900 ms (FindLiveObjects: 0.347000 ms CreateObjectMapping: 0.174500 ms MarkObjects: 47.774200 ms  DeleteObjects: 0.087800 ms)

AssetImportParameters requested are different than current active one (requested -> active):
  custom:framework-win-MediaFoundation: 216162199b28c13a410421893ffa2e32 -> 
  custom:video-decoder-ogg-theora: a1e56fd34408186e4bbccfd4996cb3dc -> 
  custom:container-muxer-webm: aa71ff27fc2769a1b78a27578f13a17b -> 
  custom:container-demuxer-webm: 4f35f7cbe854078d1ac9338744f61a02 -> 
  custom:container-demuxer-ogg: 62fdf1f143b41e24485cea50d1cbac27 -> 
  custom:video-encoder-webm-vp8: eb34c28f22e8b96e1ab97ce403110664 -> 
  custom:video-codec-MediaFoundation-h265: 746d11721c4dcdbdad8f713fa42b33f4 -> 
  custom:video-decoder-webm-vp8: 9c59270c3fd7afecdb556c50c9e8de78 -> 
  custom:audio-decoder-ogg-vorbis: bf7c407c2cedff20999df2af8eb42d56 -> 
  custom:audio-encoder-webm-vorbis: bf7c407c2cedff20999df2af8eb42d56 -> 
========================================================================
Received Import Request.
  Time since last request: 12246.834648 seconds.
  path: Assets/Game Data/fighter data/Player fighters/Felsen.asset
  artifactKey: Guid(34ea59b5cb9201449a6ba176fd49e596) Importer(815301076,1909f56bfc062723c751e8b465ee728b)
Start importing Assets/Game Data/fighter data/Player fighters/Felsen.asset using Guid(34ea59b5cb9201449a6ba176fd49e596) Importer(815301076,1909f56bfc062723c751e8b465ee728b)  -> (artifact id: '3f07a1b13486c5ea459ecd28052e7931') in 1.893018 seconds 
  Import took 1.951701 seconds .

========================================================================
Received Import Request.
  Time since last request: 1.391439 seconds.
  path: Assets/Game Data/fighter data/Player fighters/Humano.asset
  artifactKey: Guid(4e4cd9eef3e72144b812012a18107d33) Importer(815301076,1909f56bfc062723c751e8b465ee728b)
Start importing Assets/Game Data/fighter data/Player fighters/Humano.asset using Guid(4e4cd9eef3e72144b812012a18107d33) Importer(815301076,1909f56bfc062723c751e8b465ee728b)  -> (artifact id: '3d9d6eb72247feca7f64954e9a618768') in 0.249010 seconds 
  Import took 0.301163 seconds .

========================================================================
Received Import Request.
  Time since last request: 72.196577 seconds.
  path: Assets/Game Data/fighter data/Player fighters/Reptiliano.asset
  artifactKey: Guid(9274c4d4ca3895e4cb4341375c8ffe2e) Importer(815301076,1909f56bfc062723c751e8b465ee728b)
Start importing Assets/Game Data/fighter data/Player fighters/Reptiliano.asset using Guid(9274c4d4ca3895e4cb4341375c8ffe2e) Importer(815301076,1909f56bfc062723c751e8b465ee728b)  -> (artifact id: '37b7318fc03095f5d20a27e254828931') in 0.368437 seconds 
  Import took 0.391956 seconds .

========================================================================
Received Import Request.
  Time since last request: 44.582655 seconds.
  path: Assets/Game Data/fighter data/Player fighters/Yowai.asset
  artifactKey: Guid(f4017b15737dfe04eb2d769c09125658) Importer(815301076,1909f56bfc062723c751e8b465ee728b)
Start importing Assets/Game Data/fighter data/Player fighters/Yowai.asset using Guid(f4017b15737dfe04eb2d769c09125658) Importer(815301076,1909f56bfc062723c751e8b465ee728b)  -> (artifact id: '617c2be1f0e1d574e70ab7859ba60836') in 0.173796 seconds 
  Import took 0.197832 seconds .

========================================================================
Received Import Request.
  Time since last request: 33.575439 seconds.
  path: Assets/Game Data/fighter data/Cyborg Pirate.asset
  artifactKey: Guid(0395428a1f3a84243b5b5fc5164d9ca9) Importer(815301076,1909f56bfc062723c751e8b465ee728b)
Start importing Assets/Game Data/fighter data/Cyborg Pirate.asset using Guid(0395428a1f3a84243b5b5fc5164d9ca9) Importer(815301076,1909f56bfc062723c751e8b465ee728b)  -> (artifact id: '4d0e54fb5655092271cf4dc2184be422') in 0.319362 seconds 
  Import took 0.344866 seconds .

========================================================================
Received Import Request.
  Time since last request: 4.451814 seconds.
  path: Assets/Game Data/fighter data/Wikisaurio.asset
  artifactKey: Guid(0307250e38b7a484aaff731ba1e72a17) Importer(815301076,1909f56bfc062723c751e8b465ee728b)
Start importing Assets/Game Data/fighter data/Wikisaurio.asset using Guid(0307250e38b7a484aaff731ba1e72a17) Importer(815301076,1909f56bfc062723c751e8b465ee728b)  -> (artifact id: '460265a90a65d0de232ecb3fa4528a8f') in 0.204125 seconds 
  Import took 0.229147 seconds .

========================================================================
Received Import Request.
  Time since last request: 126.705592 seconds.
  path: Assets/Game Data/fighter data/safety4k.asset
  artifactKey: Guid(6af50661a53f3ad41bf5c28af6ed8f71) Importer(815301076,1909f56bfc062723c751e8b465ee728b)
Start importing Assets/Game Data/fighter data/safety4k.asset using Guid(6af50661a53f3ad41bf5c28af6ed8f71) Importer(815301076,1909f56bfc062723c751e8b465ee728b)  -> (artifact id: '3219b9f31d3a31180f4635dc93b4f51c') in 0.135587 seconds 
  Import took 0.183658 seconds .

========================================================================
Received Import Request.
  Time since last request: 31.356611 seconds.
  path: Assets/Game Data/fighter data/Bombo bombo.asset
  artifactKey: Guid(babe8d5f7df7ad6408aeb93fdf92e7f8) Importer(815301076,1909f56bfc062723c751e8b465ee728b)
Start importing Assets/Game Data/fighter data/Bombo bombo.asset using Guid(babe8d5f7df7ad6408aeb93fdf92e7f8) Importer(815301076,1909f56bfc062723c751e8b465ee728b)  -> (artifact id: '912cec81f174c347854425f5466b6887') in 0.122064 seconds 
  Import took 0.158223 seconds .

========================================================================
Received Import Request.
  Time since last request: 159.605120 seconds.
  path: Assets/Game Data/fighter data/Pseudo-Dragon.asset
  artifactKey: Guid(5c080c2a2b80718448f50127ad5feebe) Importer(815301076,1909f56bfc062723c751e8b465ee728b)
Start importing Assets/Game Data/fighter data/Pseudo-Dragon.asset using Guid(5c080c2a2b80718448f50127ad5feebe) Importer(815301076,1909f56bfc062723c751e8b465ee728b)  -> (artifact id: '922c60c64d424460e807bab058b336e7') in 0.395234 seconds 
  Import took 0.417521 seconds .

========================================================================
Received Import Request.
  Time since last request: 93.627306 seconds.
  path: Assets/Game Data/fighter data/Progenitor.asset
  artifactKey: Guid(bf99a373a862aa840ab89a121e25cb7b) Importer(815301076,1909f56bfc062723c751e8b465ee728b)
Start importing Assets/Game Data/fighter data/Progenitor.asset using Guid(bf99a373a862aa840ab89a121e25cb7b) Importer(815301076,1909f56bfc062723c751e8b465ee728b)  -> (artifact id: '715dbe5cf683dd12886975053e1911ba') in 0.139452 seconds 
  Import took 0.166476 seconds .

========================================================================
Received Prepare
Refreshing native plugins compatible for Editor in 91.39 ms, found 3 plugins.
Preloading 0 native plugins for Editor in 0.00 ms.
Unloading 22 Unused Serialized files (Serialized files now loaded: 0)
System memory in use before: 54.3 MB.
System memory in use after: 54.5 MB.

Unloading 22 unused Assets to reduce memory usage. Loaded Objects now: 2699.
Total: 2199.027000 ms (FindLiveObjects: 113.178100 ms CreateObjectMapping: 0.633000 ms MarkObjects: 2077.472500 ms  DeleteObjects: 7.739900 ms)

AssetImportParameters requested are different than current active one (requested -> active):
  custom:framework-win-MediaFoundation: 216162199b28c13a410421893ffa2e32 -> 
  custom:video-decoder-ogg-theora: a1e56fd34408186e4bbccfd4996cb3dc -> 
  custom:container-muxer-webm: aa71ff27fc2769a1b78a27578f13a17b -> 
  custom:container-demuxer-webm: 4f35f7cbe854078d1ac9338744f61a02 -> 
  custom:container-demuxer-ogg: 62fdf1f143b41e24485cea50d1cbac27 -> 
  custom:video-encoder-webm-vp8: eb34c28f22e8b96e1ab97ce403110664 -> 
  custom:video-codec-MediaFoundation-h265: 746d11721c4dcdbdad8f713fa42b33f4 -> 
  custom:video-decoder-webm-vp8: 9c59270c3fd7afecdb556c50c9e8de78 -> 
  custom:audio-decoder-ogg-vorbis: bf7c407c2cedff20999df2af8eb42d56 -> 
  custom:audio-encoder-webm-vorbis: bf7c407c2cedff20999df2af8eb42d56 -> 
========================================================================
Received Prepare
Registering precompiled user dll's ...
Registered in 0.546018 seconds.
Begin MonoManager ReloadAssembly
Native extension for WindowsStandalone target not found
Refreshing native plugins compatible for Editor in 0.63 ms, found 3 plugins.
Preloading 0 native plugins for Editor in 0.00 ms.
Mono: successfully reloaded assembly
- Completed reload, in 17.021 seconds
Domain Reload Profiling:
	ReloadAssembly (17301ms)
		BeginReloadAssembly (12968ms)
			ExecutionOrderSort (0ms)
			DisableScriptedObjects (4597ms)
			BackupInstance (0ms)
			ReleaseScriptingObjects (11ms)
			CreateAndSetChildDomain (4404ms)
		EndReloadAssembly (3951ms)
			LoadAssemblies (589ms)
			RebuildTransferFunctionScriptingTraits (0ms)
			SetupTypeCache (1292ms)
			ReleaseScriptCaches (2ms)
			RebuildScriptCaches (258ms)
			SetupLoadedEditorAssemblies (1585ms)
				LogAssemblyErrors (0ms)
				InitializePlatformSupportModulesInManaged (8ms)
				SetLoadedEditorAssemblies (25ms)
				RefreshPlugins (1ms)
				BeforeProcessingInitializeOnLoad (180ms)
				ProcessInitializeOnLoadAttributes (1264ms)
				ProcessInitializeOnLoadMethodAttributes (97ms)
				AfterProcessingInitializeOnLoad (11ms)
				EditorAssembliesLoaded (1ms)
			ExecutionOrderSort2 (0ms)
			AwakeInstancesAfterBackupRestoration (25ms)
Platform modules already initialized, skipping
Refreshing native plugins compatible for Editor in 3.89 ms, found 3 plugins.
Preloading 0 native plugins for Editor in 0.00 ms.
Unloading 2182 Unused Serialized files (Serialized files now loaded: 0)
System memory in use before: 97.7 MB.
System memory in use after: 97.9 MB.

Unloading 24 unused Assets to reduce memory usage. Loaded Objects now: 2702.
Total: 83.048500 ms (FindLiveObjects: 13.004000 ms CreateObjectMapping: 0.233400 ms MarkObjects: 59.445800 ms  DeleteObjects: 10.363100 ms)

AssetImportParameters requested are different than current active one (requested -> active):
  custom:framework-win-MediaFoundation: 216162199b28c13a410421893ffa2e32 -> 
  custom:video-decoder-ogg-theora: a1e56fd34408186e4bbccfd4996cb3dc -> 
  custom:container-muxer-webm: aa71ff27fc2769a1b78a27578f13a17b -> 
  custom:container-demuxer-webm: 4f35f7cbe854078d1ac9338744f61a02 -> 
  custom:container-demuxer-ogg: 62fdf1f143b41e24485cea50d1cbac27 -> 
  custom:video-encoder-webm-vp8: eb34c28f22e8b96e1ab97ce403110664 -> 
  custom:video-codec-MediaFoundation-h265: 746d11721c4dcdbdad8f713fa42b33f4 -> 
  custom:video-decoder-webm-vp8: 9c59270c3fd7afecdb556c50c9e8de78 -> 
  custom:audio-decoder-ogg-vorbis: bf7c407c2cedff20999df2af8eb42d56 -> 
  custom:audio-encoder-webm-vorbis: bf7c407c2cedff20999df2af8eb42d56 -> 
========================================================================
Received Prepare
Registering precompiled user dll's ...
Registered in 0.015469 seconds.
Begin MonoManager ReloadAssembly
Native extension for WindowsStandalone target not found
Refreshing native plugins compatible for Editor in 0.61 ms, found 3 plugins.
Preloading 0 native plugins for Editor in 0.00 ms.
Mono: successfully reloaded assembly
- Completed reload, in  2.196 seconds
Domain Reload Profiling:
	ReloadAssembly (2197ms)
		BeginReloadAssembly (192ms)
			ExecutionOrderSort (0ms)
			DisableScriptedObjects (11ms)
			BackupInstance (0ms)
			ReleaseScriptingObjects (0ms)
			CreateAndSetChildDomain (67ms)
		EndReloadAssembly (1895ms)
			LoadAssemblies (255ms)
			RebuildTransferFunctionScriptingTraits (0ms)
			SetupTypeCache (429ms)
			ReleaseScriptCaches (1ms)
			RebuildScriptCaches (72ms)
			SetupLoadedEditorAssemblies (946ms)
				LogAssemblyErrors (0ms)
				InitializePlatformSupportModulesInManaged (7ms)
				SetLoadedEditorAssemblies (1ms)
				RefreshPlugins (1ms)
				BeforeProcessingInitializeOnLoad (239ms)
				ProcessInitializeOnLoadAttributes (660ms)
				ProcessInitializeOnLoadMethodAttributes (28ms)
				AfterProcessingInitializeOnLoad (11ms)
				EditorAssembliesLoaded (0ms)
			ExecutionOrderSort2 (0ms)
			AwakeInstancesAfterBackupRestoration (31ms)
Platform modules already initialized, skipping
Refreshing native plugins compatible for Editor in 0.82 ms, found 3 plugins.
Preloading 0 native plugins for Editor in 0.00 ms.
Unloading 2182 Unused Serialized files (Serialized files now loaded: 0)
System memory in use before: 97.8 MB.
System memory in use after: 98.0 MB.

Unloading 24 unused Assets to reduce memory usage. Loaded Objects now: 2705.
Total: 30.606900 ms (FindLiveObjects: 0.378700 ms CreateObjectMapping: 0.251500 ms MarkObjects: 29.939900 ms  DeleteObjects: 0.035200 ms)

AssetImportParameters requested are different than current active one (requested -> active):
  custom:framework-win-MediaFoundation: 216162199b28c13a410421893ffa2e32 -> 
  custom:video-decoder-ogg-theora: a1e56fd34408186e4bbccfd4996cb3dc -> 
  custom:container-muxer-webm: aa71ff27fc2769a1b78a27578f13a17b -> 
  custom:container-demuxer-webm: 4f35f7cbe854078d1ac9338744f61a02 -> 
  custom:container-demuxer-ogg: 62fdf1f143b41e24485cea50d1cbac27 -> 
  custom:video-encoder-webm-vp8: eb34c28f22e8b96e1ab97ce403110664 -> 
  custom:video-codec-MediaFoundation-h265: 746d11721c4dcdbdad8f713fa42b33f4 -> 
  custom:video-decoder-webm-vp8: 9c59270c3fd7afecdb556c50c9e8de78 -> 
  custom:audio-decoder-ogg-vorbis: bf7c407c2cedff20999df2af8eb42d56 -> 
  custom:audio-encoder-webm-vorbis: bf7c407c2cedff20999df2af8eb42d56 -> 
