Using pre-set license
Built from '2020.3/staging' branch; Version is '2020.3.18f1 (a7d1c678663c) revision 10998214'; Using compiler version '192528614'; Build Type 'Release'
OS: 'Windows 10 Pro Education; OS build 18363.1556; Version 1909; 64bit' Language: 'es' Physical Memory: 7773 MB
BatchMode: 1, IsHumanControllingUs: 0, StartBugReporterOnCrash: 0, Is64bit: 1, IsPro: 0

COMMAND LINE ARGUMENTS:
C:\Program Files\Unity\Hub\Editor\2020.3.18f1\Editor\Unity.exe
-adb2
-batchMode
-noUpm
-name
AssetImportWorker0
-projectPath
C:/Users/seba3/OneDrive/Escritorio/Utalca/4to semestre/Taller de Videojuegos 2D/Proyecto/ProjectRagnarokk/proyecto Ragnarokk
-logFile
Logs/AssetImportWorker0.log
-srvPort
58624
Successfully changed project path to: C:/Users/seba3/OneDrive/Escritorio/Utalca/4to semestre/Taller de Videojuegos 2D/Proyecto/ProjectRagnarokk/proyecto Ragnarokk
C:/Users/seba3/OneDrive/Escritorio/Utalca/4to semestre/Taller de Videojuegos 2D/Proyecto/ProjectRagnarokk/proyecto Ragnarokk
Using Asset Import Pipeline V2.
Refreshing native plugins compatible for Editor in 64.40 ms, found 3 plugins.
Preloading 0 native plugins for Editor in 0.00 ms.
Initialize engine version: 2020.3.18f1 (a7d1c678663c)
[Subsystems] Discovering subsystems at path C:/Program Files/Unity/Hub/Editor/2020.3.18f1/Editor/Data/Resources/UnitySubsystems
[Subsystems] Discovering subsystems at path C:/Users/seba3/OneDrive/Escritorio/Utalca/4to semestre/Taller de Videojuegos 2D/Proyecto/ProjectRagnarokk/proyecto Ragnarokk/Assets
GfxDevice: creating device client; threaded=0
Direct3D:
    Version:  Direct3D 11.0 [level 11.1]
    Renderer: Intel(R) UHD Graphics (ID=0x9b41)
    Vendor:   
    VRAM:     3886 MB
    Driver:   26.20.100.7985
Initialize mono
Mono path[0] = 'C:/Program Files/Unity/Hub/Editor/2020.3.18f1/Editor/Data/Managed'
Mono path[1] = 'C:/Program Files/Unity/Hub/Editor/2020.3.18f1/Editor/Data/MonoBleedingEdge/lib/mono/unityjit'
Mono config path = 'C:/Program Files/Unity/Hub/Editor/2020.3.18f1/Editor/Data/MonoBleedingEdge/etc'
Using monoOptions --debugger-agent=transport=dt_socket,embedding=1,server=y,suspend=n,address=127.0.0.1:56948
Begin MonoManager ReloadAssembly
Registering precompiled unity dll's ...
Register platform support module: C:/Program Files/Unity/Hub/Editor/2020.3.18f1/Editor/Data/PlaybackEngines/WindowsStandaloneSupport/UnityEditor.WindowsStandalone.Extensions.dll
Registered in 0.002203 seconds.
Native extension for WindowsStandalone target not found
Refreshing native plugins compatible for Editor in 53.74 ms, found 3 plugins.
Preloading 0 native plugins for Editor in 0.00 ms.
Mono: successfully reloaded assembly
- Completed reload, in  3.513 seconds
Domain Reload Profiling:
	ReloadAssembly (3514ms)
		BeginReloadAssembly (64ms)
			ExecutionOrderSort (0ms)
			DisableScriptedObjects (0ms)
			BackupInstance (0ms)
			ReleaseScriptingObjects (0ms)
			CreateAndSetChildDomain (1ms)
		EndReloadAssembly (478ms)
			LoadAssemblies (61ms)
			RebuildTransferFunctionScriptingTraits (0ms)
			SetupTypeCache (170ms)
			ReleaseScriptCaches (0ms)
			RebuildScriptCaches (34ms)
			SetupLoadedEditorAssemblies (191ms)
				LogAssemblyErrors (0ms)
				InitializePlatformSupportModulesInManaged (4ms)
				SetLoadedEditorAssemblies (0ms)
				RefreshPlugins (54ms)
				BeforeProcessingInitializeOnLoad (17ms)
				ProcessInitializeOnLoadAttributes (86ms)
				ProcessInitializeOnLoadMethodAttributes (30ms)
				AfterProcessingInitializeOnLoad (0ms)
				EditorAssembliesLoaded (0ms)
			ExecutionOrderSort2 (0ms)
			AwakeInstancesAfterBackupRestoration (0ms)
Platform modules already initialized, skipping
Registering precompiled user dll's ...
Registered in 0.013026 seconds.
Begin MonoManager ReloadAssembly
Native extension for WindowsStandalone target not found
Refreshing native plugins compatible for Editor in 52.90 ms, found 3 plugins.
Preloading 0 native plugins for Editor in 0.00 ms.
Mono: successfully reloaded assembly
- Completed reload, in  1.831 seconds
Domain Reload Profiling:
	ReloadAssembly (1832ms)
		BeginReloadAssembly (169ms)
			ExecutionOrderSort (0ms)
			DisableScriptedObjects (5ms)
			BackupInstance (0ms)
			ReleaseScriptingObjects (0ms)
			CreateAndSetChildDomain (21ms)
		EndReloadAssembly (1589ms)
			LoadAssemblies (130ms)
			RebuildTransferFunctionScriptingTraits (0ms)
			SetupTypeCache (369ms)
			ReleaseScriptCaches (1ms)
			RebuildScriptCaches (56ms)
			SetupLoadedEditorAssemblies (889ms)
				LogAssemblyErrors (0ms)
				InitializePlatformSupportModulesInManaged (5ms)
				SetLoadedEditorAssemblies (0ms)
				RefreshPlugins (53ms)
				BeforeProcessingInitializeOnLoad (92ms)
				ProcessInitializeOnLoadAttributes (679ms)
				ProcessInitializeOnLoadMethodAttributes (50ms)
				AfterProcessingInitializeOnLoad (10ms)
				EditorAssembliesLoaded (0ms)
			ExecutionOrderSort2 (0ms)
			AwakeInstancesAfterBackupRestoration (19ms)
Platform modules already initialized, skipping
========================================================================
Worker process is ready to serve import requests
Launched and connected shader compiler UnityShaderCompiler.exe after 0.51 seconds
Refreshing native plugins compatible for Editor in 0.92 ms, found 3 plugins.
Preloading 0 native plugins for Editor in 0.00 ms.
Unloading 2207 Unused Serialized files (Serialized files now loaded: 0)
System memory in use before: 99.5 MB.
System memory in use after: 99.6 MB.

Unloading 36 unused Assets to reduce memory usage. Loaded Objects now: 2695.
Total: 27.915200 ms (FindLiveObjects: 0.357600 ms CreateObjectMapping: 0.258200 ms MarkObjects: 27.197700 ms  DeleteObjects: 0.099900 ms)

AssetImportParameters requested are different than current active one (requested -> active):
  custom:framework-win-MediaFoundation: 216162199b28c13a410421893ffa2e32 -> 
  custom:video-decoder-ogg-theora: a1e56fd34408186e4bbccfd4996cb3dc -> 
  custom:container-muxer-webm: aa71ff27fc2769a1b78a27578f13a17b -> 
  custom:container-demuxer-webm: 4f35f7cbe854078d1ac9338744f61a02 -> 
  custom:container-demuxer-ogg: 62fdf1f143b41e24485cea50d1cbac27 -> 
  custom:video-encoder-webm-vp8: eb34c28f22e8b96e1ab97ce403110664 -> 
  custom:video-codec-MediaFoundation-h265: 746d11721c4dcdbdad8f713fa42b33f4 -> 
  custom:video-decoder-webm-vp8: 9c59270c3fd7afecdb556c50c9e8de78 -> 
  custom:audio-decoder-ogg-vorbis: bf7c407c2cedff20999df2af8eb42d56 -> 
  custom:audio-encoder-webm-vorbis: bf7c407c2cedff20999df2af8eb42d56 -> 
========================================================================
Received Import Request.
  path: Assets/Exploration/ExplorationManager.cs
  artifactKey: Guid(1c196cd923c761243bf1d62c8c9fd7c1) Importer(815301076,1909f56bfc062723c751e8b465ee728b)
Start importing Assets/Exploration/ExplorationManager.cs using Guid(1c196cd923c761243bf1d62c8c9fd7c1) Importer(815301076,1909f56bfc062723c751e8b465ee728b)  -> (artifact id: '671d620f96bd3046fad14c9200a1bc1a') in 0.424857 seconds 
  Import took 0.498330 seconds .

========================================================================
Received Prepare
Registering precompiled user dll's ...
Registered in 0.060799 seconds.
Begin MonoManager ReloadAssembly
Native extension for WindowsStandalone target not found
Refreshing native plugins compatible for Editor in 1.69 ms, found 3 plugins.
Preloading 0 native plugins for Editor in 0.00 ms.
Mono: successfully reloaded assembly
- Completed reload, in  2.623 seconds
Domain Reload Profiling:
	ReloadAssembly (2624ms)
		BeginReloadAssembly (325ms)
			ExecutionOrderSort (0ms)
			DisableScriptedObjects (10ms)
			BackupInstance (0ms)
			ReleaseScriptingObjects (0ms)
			CreateAndSetChildDomain (196ms)
		EndReloadAssembly (2217ms)
			LoadAssemblies (179ms)
			RebuildTransferFunctionScriptingTraits (0ms)
			SetupTypeCache (454ms)
			ReleaseScriptCaches (1ms)
			RebuildScriptCaches (48ms)
			SetupLoadedEditorAssemblies (1360ms)
				LogAssemblyErrors (0ms)
				InitializePlatformSupportModulesInManaged (40ms)
				SetLoadedEditorAssemblies (1ms)
				RefreshPlugins (2ms)
				BeforeProcessingInitializeOnLoad (120ms)
				ProcessInitializeOnLoadAttributes (1151ms)
				ProcessInitializeOnLoadMethodAttributes (35ms)
				AfterProcessingInitializeOnLoad (11ms)
				EditorAssembliesLoaded (1ms)
			ExecutionOrderSort2 (0ms)
			AwakeInstancesAfterBackupRestoration (30ms)
Platform modules already initialized, skipping
Refreshing native plugins compatible for Editor in 0.62 ms, found 3 plugins.
Preloading 0 native plugins for Editor in 0.00 ms.
Unloading 2183 Unused Serialized files (Serialized files now loaded: 0)
System memory in use before: 97.7 MB.
System memory in use after: 97.8 MB.

Unloading 24 unused Assets to reduce memory usage. Loaded Objects now: 2698.
Total: 30.099700 ms (FindLiveObjects: 0.212700 ms CreateObjectMapping: 0.102800 ms MarkObjects: 29.745900 ms  DeleteObjects: 0.035900 ms)

AssetImportParameters requested are different than current active one (requested -> active):
  custom:framework-win-MediaFoundation: 216162199b28c13a410421893ffa2e32 -> 
  custom:video-decoder-ogg-theora: a1e56fd34408186e4bbccfd4996cb3dc -> 
  custom:container-muxer-webm: aa71ff27fc2769a1b78a27578f13a17b -> 
  custom:container-demuxer-webm: 4f35f7cbe854078d1ac9338744f61a02 -> 
  custom:container-demuxer-ogg: 62fdf1f143b41e24485cea50d1cbac27 -> 
  custom:video-encoder-webm-vp8: eb34c28f22e8b96e1ab97ce403110664 -> 
  custom:video-codec-MediaFoundation-h265: 746d11721c4dcdbdad8f713fa42b33f4 -> 
  custom:video-decoder-webm-vp8: 9c59270c3fd7afecdb556c50c9e8de78 -> 
  custom:audio-decoder-ogg-vorbis: bf7c407c2cedff20999df2af8eb42d56 -> 
  custom:audio-encoder-webm-vorbis: bf7c407c2cedff20999df2af8eb42d56 -> 
========================================================================
Received Prepare
Registering precompiled user dll's ...
Registered in 0.011146 seconds.
Begin MonoManager ReloadAssembly
Native extension for WindowsStandalone target not found
Refreshing native plugins compatible for Editor in 0.60 ms, found 3 plugins.
Preloading 0 native plugins for Editor in 0.00 ms.
Mono: successfully reloaded assembly
- Completed reload, in  1.798 seconds
Domain Reload Profiling:
	ReloadAssembly (1798ms)
		BeginReloadAssembly (145ms)
			ExecutionOrderSort (0ms)
			DisableScriptedObjects (7ms)
			BackupInstance (0ms)
			ReleaseScriptingObjects (0ms)
			CreateAndSetChildDomain (56ms)
		EndReloadAssembly (1574ms)
			LoadAssemblies (124ms)
			RebuildTransferFunctionScriptingTraits (0ms)
			SetupTypeCache (389ms)
			ReleaseScriptCaches (1ms)
			RebuildScriptCaches (43ms)
			SetupLoadedEditorAssemblies (857ms)
				LogAssemblyErrors (0ms)
				InitializePlatformSupportModulesInManaged (6ms)
				SetLoadedEditorAssemblies (0ms)
				RefreshPlugins (1ms)
				BeforeProcessingInitializeOnLoad (103ms)
				ProcessInitializeOnLoadAttributes (713ms)
				ProcessInitializeOnLoadMethodAttributes (24ms)
				AfterProcessingInitializeOnLoad (10ms)
				EditorAssembliesLoaded (0ms)
			ExecutionOrderSort2 (0ms)
			AwakeInstancesAfterBackupRestoration (23ms)
Platform modules already initialized, skipping
Refreshing native plugins compatible for Editor in 0.80 ms, found 3 plugins.
Preloading 0 native plugins for Editor in 0.00 ms.
Unloading 2183 Unused Serialized files (Serialized files now loaded: 0)
System memory in use before: 97.7 MB.
System memory in use after: 97.8 MB.

Unloading 24 unused Assets to reduce memory usage. Loaded Objects now: 2701.
Total: 27.795900 ms (FindLiveObjects: 0.281000 ms CreateObjectMapping: 0.138900 ms MarkObjects: 27.334600 ms  DeleteObjects: 0.039900 ms)

AssetImportParameters requested are different than current active one (requested -> active):
  custom:framework-win-MediaFoundation: 216162199b28c13a410421893ffa2e32 -> 
  custom:video-decoder-ogg-theora: a1e56fd34408186e4bbccfd4996cb3dc -> 
  custom:container-muxer-webm: aa71ff27fc2769a1b78a27578f13a17b -> 
  custom:container-demuxer-webm: 4f35f7cbe854078d1ac9338744f61a02 -> 
  custom:container-demuxer-ogg: 62fdf1f143b41e24485cea50d1cbac27 -> 
  custom:video-encoder-webm-vp8: eb34c28f22e8b96e1ab97ce403110664 -> 
  custom:video-codec-MediaFoundation-h265: 746d11721c4dcdbdad8f713fa42b33f4 -> 
  custom:video-decoder-webm-vp8: 9c59270c3fd7afecdb556c50c9e8de78 -> 
  custom:audio-decoder-ogg-vorbis: bf7c407c2cedff20999df2af8eb42d56 -> 
  custom:audio-encoder-webm-vorbis: bf7c407c2cedff20999df2af8eb42d56 -> 
========================================================================
Received Import Request.
  Time since last request: 626.820511 seconds.
  path: Assets/Prefabs/UI/Button_FighterClickable.prefab
  artifactKey: Guid(9278466a23c1dc54d84625b07ac989bb) Importer(815301076,1909f56bfc062723c751e8b465ee728b)
Start importing Assets/Prefabs/UI/Button_FighterClickable.prefab using Guid(9278466a23c1dc54d84625b07ac989bb) Importer(815301076,1909f56bfc062723c751e8b465ee728b)  -> (artifact id: '7688787e7a95b88c1fc382282a82b4cd') in 0.368021 seconds 
  Import took 0.407495 seconds .

========================================================================
Received Import Request.
  Time since last request: 0.283614 seconds.
  path: Assets/Prefabs/UI/Button_FighterClickable.prefab
  artifactKey: Guid(9278466a23c1dc54d84625b07ac989bb) Importer(815301076,1909f56bfc062723c751e8b465ee728b)
Start importing Assets/Prefabs/UI/Button_FighterClickable.prefab using Guid(9278466a23c1dc54d84625b07ac989bb) Importer(815301076,1909f56bfc062723c751e8b465ee728b)  -> (artifact id: '7688787e7a95b88c1fc382282a82b4cd') in 0.035388 seconds 
  Import took 0.042366 seconds .

========================================================================
Received Prepare
Registering precompiled user dll's ...
Registered in 0.014972 seconds.
Begin MonoManager ReloadAssembly
Native extension for WindowsStandalone target not found
Refreshing native plugins compatible for Editor in 0.73 ms, found 3 plugins.
Preloading 0 native plugins for Editor in 0.00 ms.
Mono: successfully reloaded assembly
- Completed reload, in  2.034 seconds
Domain Reload Profiling:
	ReloadAssembly (2034ms)
		BeginReloadAssembly (157ms)
			ExecutionOrderSort (0ms)
			DisableScriptedObjects (7ms)
			BackupInstance (0ms)
			ReleaseScriptingObjects (0ms)
			CreateAndSetChildDomain (58ms)
		EndReloadAssembly (1790ms)
			LoadAssemblies (237ms)
			RebuildTransferFunctionScriptingTraits (0ms)
			SetupTypeCache (411ms)
			ReleaseScriptCaches (1ms)
			RebuildScriptCaches (55ms)
			SetupLoadedEditorAssemblies (925ms)
				LogAssemblyErrors (0ms)
				InitializePlatformSupportModulesInManaged (6ms)
				SetLoadedEditorAssemblies (1ms)
				RefreshPlugins (1ms)
				BeforeProcessingInitializeOnLoad (114ms)
				ProcessInitializeOnLoadAttributes (772ms)
				ProcessInitializeOnLoadMethodAttributes (23ms)
				AfterProcessingInitializeOnLoad (8ms)
				EditorAssembliesLoaded (0ms)
			ExecutionOrderSort2 (0ms)
			AwakeInstancesAfterBackupRestoration (25ms)
Platform modules already initialized, skipping
Refreshing native plugins compatible for Editor in 1.01 ms, found 3 plugins.
Preloading 0 native plugins for Editor in 0.00 ms.
Unloading 2183 Unused Serialized files (Serialized files now loaded: 0)
System memory in use before: 97.9 MB.
System memory in use after: 98.0 MB.

Unloading 25 unused Assets to reduce memory usage. Loaded Objects now: 2704.
Total: 28.545300 ms (FindLiveObjects: 0.376600 ms CreateObjectMapping: 0.157300 ms MarkObjects: 27.969300 ms  DeleteObjects: 0.040300 ms)

AssetImportParameters requested are different than current active one (requested -> active):
  custom:framework-win-MediaFoundation: 216162199b28c13a410421893ffa2e32 -> 
  custom:video-decoder-ogg-theora: a1e56fd34408186e4bbccfd4996cb3dc -> 
  custom:container-muxer-webm: aa71ff27fc2769a1b78a27578f13a17b -> 
  custom:container-demuxer-webm: 4f35f7cbe854078d1ac9338744f61a02 -> 
  custom:container-demuxer-ogg: 62fdf1f143b41e24485cea50d1cbac27 -> 
  custom:video-encoder-webm-vp8: eb34c28f22e8b96e1ab97ce403110664 -> 
  custom:video-codec-MediaFoundation-h265: 746d11721c4dcdbdad8f713fa42b33f4 -> 
  custom:video-decoder-webm-vp8: 9c59270c3fd7afecdb556c50c9e8de78 -> 
  custom:audio-decoder-ogg-vorbis: bf7c407c2cedff20999df2af8eb42d56 -> 
  custom:audio-encoder-webm-vorbis: bf7c407c2cedff20999df2af8eb42d56 -> 
========================================================================
Received Import Request.
  Time since last request: 109.257692 seconds.
  path: Assets/Animation/Value.controller
  artifactKey: Guid(64edd6454c8f22a4fa7e2f8e8fde0112) Importer(815301076,1909f56bfc062723c751e8b465ee728b)
Start importing Assets/Animation/Value.controller using Guid(64edd6454c8f22a4fa7e2f8e8fde0112) Importer(815301076,1909f56bfc062723c751e8b465ee728b)  -> (artifact id: 'd2093c63c9286ad6c585942197c2a77c') in 0.192562 seconds 
  Import took 0.231101 seconds .

========================================================================
Received Import Request.
  Time since last request: 92.114766 seconds.
  path: Assets/Scenes/CombatScene.unity
  artifactKey: Guid(de59247d0185fe4468f03b18d86ed66e) Importer(815301076,1909f56bfc062723c751e8b465ee728b)
Start importing Assets/Scenes/CombatScene.unity using Guid(de59247d0185fe4468f03b18d86ed66e) Importer(815301076,1909f56bfc062723c751e8b465ee728b)  -> (artifact id: '74c3463328adaf11cb64916eec4ca482') in 0.058786 seconds 
  Import took 0.096862 seconds .

========================================================================
Received Import Request.
  Time since last request: 12.426150 seconds.
  path: Assets/Scenes/MainMenu.unity
  artifactKey: Guid(1c6ef44cc4d14684b9468db1f2d8f245) Importer(815301076,1909f56bfc062723c751e8b465ee728b)
Start importing Assets/Scenes/MainMenu.unity using Guid(1c6ef44cc4d14684b9468db1f2d8f245) Importer(815301076,1909f56bfc062723c751e8b465ee728b)  -> (artifact id: 'e2a13936134fd7dbff2c5e2aa1a8cddb') in 0.040414 seconds 
  Import took 0.110806 seconds .

========================================================================
Received Import Request.
  Time since last request: 235.430085 seconds.
  path: Assets/Game Data/Fighter data/Player fighters/Felsen/lvl1_Felsen.asset
  artifactKey: Guid(34ea59b5cb9201449a6ba176fd49e596) Importer(815301076,1909f56bfc062723c751e8b465ee728b)
Start importing Assets/Game Data/Fighter data/Player fighters/Felsen/lvl1_Felsen.asset using Guid(34ea59b5cb9201449a6ba176fd49e596) Importer(815301076,1909f56bfc062723c751e8b465ee728b)  -> (artifact id: 'b7006a13ea73715d1882d29f06f1f253') in 0.719155 seconds 
  Import took 0.774886 seconds .

========================================================================
Received Import Request.
  Time since last request: 7.979423 seconds.
  path: Assets/Game Data/Fighter data/Player fighters/Humano/lvl1_Humano.asset
  artifactKey: Guid(4e4cd9eef3e72144b812012a18107d33) Importer(815301076,1909f56bfc062723c751e8b465ee728b)
Start importing Assets/Game Data/Fighter data/Player fighters/Humano/lvl1_Humano.asset using Guid(4e4cd9eef3e72144b812012a18107d33) Importer(815301076,1909f56bfc062723c751e8b465ee728b)  -> (artifact id: '35c397b1bd344bb9465c5f35a5c9a11d') in 0.358517 seconds 
  Import took 0.421534 seconds .

========================================================================
Received Import Request.
  Time since last request: 0.000529 seconds.
  path: Assets/Game Data/Fighter data/Player fighters/Humano/lvl1_Humano.asset
  artifactKey: Guid(4e4cd9eef3e72144b812012a18107d33) Importer(815301076,1909f56bfc062723c751e8b465ee728b)
Start importing Assets/Game Data/Fighter data/Player fighters/Humano/lvl1_Humano.asset using Guid(4e4cd9eef3e72144b812012a18107d33) Importer(815301076,1909f56bfc062723c751e8b465ee728b)  -> (artifact id: '35c397b1bd344bb9465c5f35a5c9a11d') in 0.073163 seconds 
  Import took 0.080062 seconds .

========================================================================
Received Import Request.
  Time since last request: 7.477722 seconds.
  path: Assets/Game Data/Fighter data/Player fighters/Reptiliano/lvl1_Reptiliano.asset
  artifactKey: Guid(9274c4d4ca3895e4cb4341375c8ffe2e) Importer(815301076,1909f56bfc062723c751e8b465ee728b)
Start importing Assets/Game Data/Fighter data/Player fighters/Reptiliano/lvl1_Reptiliano.asset using Guid(9274c4d4ca3895e4cb4341375c8ffe2e) Importer(815301076,1909f56bfc062723c751e8b465ee728b)  -> (artifact id: '293e535dab94cf5d040f62071613ae65') in 0.733187 seconds 
  Import took 0.782264 seconds .

========================================================================
Received Prepare
Registering precompiled user dll's ...
Registered in 0.019653 seconds.
Begin MonoManager ReloadAssembly
Native extension for WindowsStandalone target not found
Refreshing native plugins compatible for Editor in 0.54 ms, found 3 plugins.
Preloading 0 native plugins for Editor in 0.00 ms.
Mono: successfully reloaded assembly
- Completed reload, in  1.941 seconds
Domain Reload Profiling:
	ReloadAssembly (1941ms)
		BeginReloadAssembly (172ms)
			ExecutionOrderSort (0ms)
			DisableScriptedObjects (10ms)
			BackupInstance (0ms)
			ReleaseScriptingObjects (0ms)
			CreateAndSetChildDomain (68ms)
		EndReloadAssembly (1690ms)
			LoadAssemblies (125ms)
			RebuildTransferFunctionScriptingTraits (0ms)
			SetupTypeCache (417ms)
			ReleaseScriptCaches (1ms)
			RebuildScriptCaches (47ms)
			SetupLoadedEditorAssemblies (922ms)
				LogAssemblyErrors (0ms)
				InitializePlatformSupportModulesInManaged (6ms)
				SetLoadedEditorAssemblies (0ms)
				RefreshPlugins (1ms)
				BeforeProcessingInitializeOnLoad (114ms)
				ProcessInitializeOnLoadAttributes (764ms)
				ProcessInitializeOnLoadMethodAttributes (26ms)
				AfterProcessingInitializeOnLoad (10ms)
				EditorAssembliesLoaded (1ms)
			ExecutionOrderSort2 (0ms)
			AwakeInstancesAfterBackupRestoration (21ms)
Platform modules already initialized, skipping
Refreshing native plugins compatible for Editor in 1.05 ms, found 3 plugins.
Preloading 0 native plugins for Editor in 0.00 ms.
Unloading 2183 Unused Serialized files (Serialized files now loaded: 0)
System memory in use before: 98.0 MB.
System memory in use after: 98.1 MB.

Unloading 24 unused Assets to reduce memory usage. Loaded Objects now: 2707.
Total: 29.015800 ms (FindLiveObjects: 0.239100 ms CreateObjectMapping: 0.104000 ms MarkObjects: 28.637700 ms  DeleteObjects: 0.033100 ms)

AssetImportParameters requested are different than current active one (requested -> active):
  custom:framework-win-MediaFoundation: 216162199b28c13a410421893ffa2e32 -> 
  custom:video-decoder-ogg-theora: a1e56fd34408186e4bbccfd4996cb3dc -> 
  custom:container-muxer-webm: aa71ff27fc2769a1b78a27578f13a17b -> 
  custom:container-demuxer-webm: 4f35f7cbe854078d1ac9338744f61a02 -> 
  custom:container-demuxer-ogg: 62fdf1f143b41e24485cea50d1cbac27 -> 
  custom:video-encoder-webm-vp8: eb34c28f22e8b96e1ab97ce403110664 -> 
  custom:video-codec-MediaFoundation-h265: 746d11721c4dcdbdad8f713fa42b33f4 -> 
  custom:video-decoder-webm-vp8: 9c59270c3fd7afecdb556c50c9e8de78 -> 
  custom:audio-decoder-ogg-vorbis: bf7c407c2cedff20999df2af8eb42d56 -> 
  custom:audio-encoder-webm-vorbis: bf7c407c2cedff20999df2af8eb42d56 -> 
========================================================================
Received Import Request.
  Time since last request: 17.735914 seconds.
  path: Assets/Game Data/Fighter data/Player fighters/Yowai/lvl1_Yowai.asset
  artifactKey: Guid(f4017b15737dfe04eb2d769c09125658) Importer(815301076,1909f56bfc062723c751e8b465ee728b)
Start importing Assets/Game Data/Fighter data/Player fighters/Yowai/lvl1_Yowai.asset using Guid(f4017b15737dfe04eb2d769c09125658) Importer(815301076,1909f56bfc062723c751e8b465ee728b)  -> (artifact id: '78c74dc1301cd8cf53894f578c74f093') in 0.253675 seconds 
  Import took 0.286654 seconds .

========================================================================
Received Import Request.
  Time since last request: 509.948002 seconds.
  path: Assets/Game Data/Weapon Data/Agua/New Weapon.asset
  artifactKey: Guid(1d70bab6a09162848b220774f9d9310b) Importer(815301076,1909f56bfc062723c751e8b465ee728b)
Start importing Assets/Game Data/Weapon Data/Agua/New Weapon.asset using Guid(1d70bab6a09162848b220774f9d9310b) Importer(815301076,1909f56bfc062723c751e8b465ee728b)  -> (artifact id: 'f01568005a7e7dec577b9047426dfeff') in 0.062122 seconds 
  Import took 0.123033 seconds .

========================================================================
Received Import Request.
  Time since last request: 25.854864 seconds.
  path: Assets/Imagenes/Apha art/UI/1Recurso 1.png
  artifactKey: Guid(26ccc7788b88b024aba436ea9150cc31) Importer(815301076,1909f56bfc062723c751e8b465ee728b)
Start importing Assets/Imagenes/Apha art/UI/1Recurso 1.png using Guid(26ccc7788b88b024aba436ea9150cc31) Importer(815301076,1909f56bfc062723c751e8b465ee728b)  -> (artifact id: '3a73a7f17accb3149b8c245d287caa1b') in 1.316876 seconds 
  Import took 1.371508 seconds .

========================================================================
Received Import Request.
  Time since last request: 0.000347 seconds.
  path: Assets/Imagenes/Apha art/Consumibles/healthpill.png
  artifactKey: Guid(076a68f7559cedd4995064da8cf79656) Importer(815301076,1909f56bfc062723c751e8b465ee728b)
Start importing Assets/Imagenes/Apha art/Consumibles/healthpill.png using Guid(076a68f7559cedd4995064da8cf79656) Importer(815301076,1909f56bfc062723c751e8b465ee728b)  -> (artifact id: 'd6c2a65763f5fde1e3d57b991f5308f0') in 0.196540 seconds 
  Import took 0.228900 seconds .

========================================================================
Received Import Request.
  Time since last request: 0.000181 seconds.
  path: Assets/Imagenes/Apha art/UI/1Recurso 1.png
  artifactKey: Guid(26ccc7788b88b024aba436ea9150cc31) Importer(815301076,1909f56bfc062723c751e8b465ee728b)
Start importing Assets/Imagenes/Apha art/UI/1Recurso 1.png using Guid(26ccc7788b88b024aba436ea9150cc31) Importer(815301076,1909f56bfc062723c751e8b465ee728b)  -> (artifact id: '3a73a7f17accb3149b8c245d287caa1b') in 0.027364 seconds 
  Import took 0.032171 seconds .

========================================================================
Received Import Request.
  Time since last request: 0.000062 seconds.
  path: Assets/Imagenes/Apha art/UI/5Recurso 1.png
  artifactKey: Guid(3632f2c98b182d548880e963fc6d59a6) Importer(815301076,1909f56bfc062723c751e8b465ee728b)
Start importing Assets/Imagenes/Apha art/UI/5Recurso 1.png using Guid(3632f2c98b182d548880e963fc6d59a6) Importer(815301076,1909f56bfc062723c751e8b465ee728b)  -> (artifact id: '72ada1456fcf53adfccfe8a2cec5fbfc') in 0.052599 seconds 
  Import took 0.086533 seconds .

========================================================================
Received Import Request.
  Time since last request: 0.000222 seconds.
  path: Assets/Imagenes/Apha art/UI/4Recurso 1.png
  artifactKey: Guid(a9dcf9c8c4c14244bbab763f3d1bc605) Importer(815301076,1909f56bfc062723c751e8b465ee728b)
Start importing Assets/Imagenes/Apha art/UI/4Recurso 1.png using Guid(a9dcf9c8c4c14244bbab763f3d1bc605) Importer(815301076,1909f56bfc062723c751e8b465ee728b)  -> (artifact id: '857ba1054cab554474e522c09a634757') in 0.046283 seconds 
  Import took 0.186671 seconds .

========================================================================
Received Import Request.
  Time since last request: 0.000247 seconds.
  path: Assets/Imagenes/Apha art/UI/2Recurso 1.png
  artifactKey: Guid(7820be93edfed7f4e9fe5b167d169020) Importer(815301076,1909f56bfc062723c751e8b465ee728b)
Start importing Assets/Imagenes/Apha art/UI/2Recurso 1.png using Guid(7820be93edfed7f4e9fe5b167d169020) Importer(815301076,1909f56bfc062723c751e8b465ee728b)  -> (artifact id: 'da45f6a011256cc72755060211d3e93d') in 0.095060 seconds 
  Import took 0.108489 seconds .

========================================================================
Received Import Request.
  Time since last request: 0.000251 seconds.
  path: Assets/Imagenes/Apha art/UI/3Recurso 1.png
  artifactKey: Guid(c2ae879717bd12240b36dfaecdb215be) Importer(815301076,1909f56bfc062723c751e8b465ee728b)
Start importing Assets/Imagenes/Apha art/UI/3Recurso 1.png using Guid(c2ae879717bd12240b36dfaecdb215be) Importer(815301076,1909f56bfc062723c751e8b465ee728b)  -> (artifact id: '7f9efd98fc4ee8735f374aa639a32db9') in 0.126346 seconds 
  Import took 0.146678 seconds .

========================================================================
Received Import Request.
  Time since last request: 0.012744 seconds.
  path: Assets/Imagenes/Apha art/UI/3Recurso 1.png
  artifactKey: Guid(c2ae879717bd12240b36dfaecdb215be) Importer(815301076,1909f56bfc062723c751e8b465ee728b)
Start importing Assets/Imagenes/Apha art/UI/3Recurso 1.png using Guid(c2ae879717bd12240b36dfaecdb215be) Importer(815301076,1909f56bfc062723c751e8b465ee728b)  -> (artifact id: '7f9efd98fc4ee8735f374aa639a32db9') in 0.052492 seconds 
  Import took 0.059417 seconds .

========================================================================
Received Import Request.
  Time since last request: 44.560411 seconds.
  path: Assets/Game Data/Weapon Data/Agua/SplashGun.asset
  artifactKey: Guid(1d70bab6a09162848b220774f9d9310b) Importer(815301076,1909f56bfc062723c751e8b465ee728b)
Start importing Assets/Game Data/Weapon Data/Agua/SplashGun.asset using Guid(1d70bab6a09162848b220774f9d9310b) Importer(815301076,1909f56bfc062723c751e8b465ee728b)  -> (artifact id: 'cac6f5c7ec7cd5830648afc1bed71dc0') in 0.563324 seconds 
  Import took 0.641715 seconds .

========================================================================
Received Import Request.
  Time since last request: 35.523491 seconds.
  path: Assets/Game Data/Weapon Data/Alcoholico/CiderShotgun.asset
  artifactKey: Guid(447762706141a484082a90729025fb8e) Importer(815301076,1909f56bfc062723c751e8b465ee728b)
Start importing Assets/Game Data/Weapon Data/Alcoholico/CiderShotgun.asset using Guid(447762706141a484082a90729025fb8e) Importer(815301076,1909f56bfc062723c751e8b465ee728b)  -> (artifact id: '5d545c446979a897008f27921cc42d0c') in 0.034571 seconds 
  Import took 0.046392 seconds .

========================================================================
Received Import Request.
  Time since last request: 67.401426 seconds.
  path: Assets/Game Data/Weapon Data/Alcoholico/CiderShotgun.asset
  artifactKey: Guid(447762706141a484082a90729025fb8e) Importer(815301076,1909f56bfc062723c751e8b465ee728b)
Start importing Assets/Game Data/Weapon Data/Alcoholico/CiderShotgun.asset using Guid(447762706141a484082a90729025fb8e) Importer(815301076,1909f56bfc062723c751e8b465ee728b)  -> (artifact id: 'b6976d52e5d524cc83e0489f632e3e84') in 0.049123 seconds 
  Import took 0.116719 seconds .

========================================================================
Received Import Request.
  Time since last request: 6.835761 seconds.
  path: Assets/Game Data/Weapon Data/Electrico/New Weapon.asset
  artifactKey: Guid(dff05317e6c5e0542bf0882226df5f9c) Importer(815301076,1909f56bfc062723c751e8b465ee728b)
Start importing Assets/Game Data/Weapon Data/Electrico/New Weapon.asset using Guid(dff05317e6c5e0542bf0882226df5f9c) Importer(815301076,1909f56bfc062723c751e8b465ee728b)  -> (artifact id: '6ca97341df9ceb3a308aa9a8bff605f3') in 0.021251 seconds 
  Import took 0.035962 seconds .

========================================================================
Received Import Request.
  Time since last request: 12.721472 seconds.
  path: Assets/Game Data/Weapon Data/Electrico/SparkGun.asset
  artifactKey: Guid(dff05317e6c5e0542bf0882226df5f9c) Importer(815301076,1909f56bfc062723c751e8b465ee728b)
Start importing Assets/Game Data/Weapon Data/Electrico/SparkGun.asset using Guid(dff05317e6c5e0542bf0882226df5f9c) Importer(815301076,1909f56bfc062723c751e8b465ee728b)  -> (artifact id: 'f9b81cc8d36705e7bdbbec96f96aecc4') in 0.041747 seconds 
  Import took 0.062096 seconds .

========================================================================
Received Import Request.
  Time since last request: 32.255035 seconds.
  path: Assets/Game Data/Weapon Data/Electrico/SparkGun.asset
  artifactKey: Guid(dff05317e6c5e0542bf0882226df5f9c) Importer(815301076,1909f56bfc062723c751e8b465ee728b)
Start importing Assets/Game Data/Weapon Data/Electrico/SparkGun.asset using Guid(dff05317e6c5e0542bf0882226df5f9c) Importer(815301076,1909f56bfc062723c751e8b465ee728b)  -> (artifact id: 'b8e27a2a45d56b51672086d6db97cf12') in 0.073352 seconds 
  Import took 0.123597 seconds .

========================================================================
Received Import Request.
  Time since last request: 25.790860 seconds.
  path: Assets/Game Data/Weapon Data/Fisico/PPS-43.asset
  artifactKey: Guid(dad9fecc5c75bbd40a579298894a5536) Importer(815301076,1909f56bfc062723c751e8b465ee728b)
Start importing Assets/Game Data/Weapon Data/Fisico/PPS-43.asset using Guid(dad9fecc5c75bbd40a579298894a5536) Importer(815301076,1909f56bfc062723c751e8b465ee728b)  -> (artifact id: 'd690402aa05b20eb52e24857f12469f3') in 0.052693 seconds 
  Import took 0.058372 seconds .

========================================================================
Received Import Request.
  Time since last request: 0.002704 seconds.
  path: Assets/Game Data/Weapon Data/Fisico/PPS-43.asset
  artifactKey: Guid(dad9fecc5c75bbd40a579298894a5536) Importer(815301076,1909f56bfc062723c751e8b465ee728b)
Start importing Assets/Game Data/Weapon Data/Fisico/PPS-43.asset using Guid(dad9fecc5c75bbd40a579298894a5536) Importer(815301076,1909f56bfc062723c751e8b465ee728b)  -> (artifact id: 'd690402aa05b20eb52e24857f12469f3') in 0.041902 seconds 
  Import took 0.055865 seconds .

========================================================================
Received Import Request.
  Time since last request: 146.015936 seconds.
  path: Assets/Game Data/Weapon Data/Fisico/PPS-43.asset
  artifactKey: Guid(dad9fecc5c75bbd40a579298894a5536) Importer(815301076,1909f56bfc062723c751e8b465ee728b)
Start importing Assets/Game Data/Weapon Data/Fisico/PPS-43.asset using Guid(dad9fecc5c75bbd40a579298894a5536) Importer(815301076,1909f56bfc062723c751e8b465ee728b)  -> (artifact id: '147ec4e7936fcc27b797db2a8fbb57a1') in 0.088640 seconds 
  Import took 0.115688 seconds .

========================================================================
Received Import Request.
  Time since last request: 9.797839 seconds.
  path: Assets/Game Data/Weapon Data/Fuego/New Weapon.asset
  artifactKey: Guid(7c1a30211d1b05c438a78473f7f94c54) Importer(815301076,1909f56bfc062723c751e8b465ee728b)
Start importing Assets/Game Data/Weapon Data/Fuego/New Weapon.asset using Guid(7c1a30211d1b05c438a78473f7f94c54) Importer(815301076,1909f56bfc062723c751e8b465ee728b)  -> (artifact id: '4bccd5e3146a3ecf4897b3277c5517e4') in 0.025144 seconds 
  Import took 0.069435 seconds .

========================================================================
Received Import Request.
  Time since last request: 11.552179 seconds.
  path: Assets/Game Data/Weapon Data/Fuego/Flamer.asset
  artifactKey: Guid(7c1a30211d1b05c438a78473f7f94c54) Importer(815301076,1909f56bfc062723c751e8b465ee728b)
Start importing Assets/Game Data/Weapon Data/Fuego/Flamer.asset using Guid(7c1a30211d1b05c438a78473f7f94c54) Importer(815301076,1909f56bfc062723c751e8b465ee728b)  -> (artifact id: '98b84adbfb5380e516305538a2fe348e') in 0.061125 seconds 
  Import took 0.079255 seconds .

========================================================================
Received Import Request.
  Time since last request: 42.642182 seconds.
  path: Assets/Game Data/Weapon Data/Fuego/Flamer.asset
  artifactKey: Guid(7c1a30211d1b05c438a78473f7f94c54) Importer(815301076,1909f56bfc062723c751e8b465ee728b)
Start importing Assets/Game Data/Weapon Data/Fuego/Flamer.asset using Guid(7c1a30211d1b05c438a78473f7f94c54) Importer(815301076,1909f56bfc062723c751e8b465ee728b)  -> (artifact id: '3b607f996438403d13a8f51b8659730b') in 0.158407 seconds 
  Import took 0.164438 seconds .

========================================================================
Received Import Request.
  Time since last request: 18.502288 seconds.
  path: Assets/Game Data/Weapon Data/Psiquico/MindRaider.asset
  artifactKey: Guid(66486fdcaa0b8b14aa590d87d28046df) Importer(815301076,1909f56bfc062723c751e8b465ee728b)
Start importing Assets/Game Data/Weapon Data/Psiquico/MindRaider.asset using Guid(66486fdcaa0b8b14aa590d87d28046df) Importer(815301076,1909f56bfc062723c751e8b465ee728b)  -> (artifact id: 'e88b1d450bb2617a329fc465130fb275') in 0.067420 seconds 
  Import took 0.086598 seconds .

========================================================================
Received Import Request.
  Time since last request: 0.000725 seconds.
  path: Assets/Game Data/Weapon Data/Psiquico/MindRaider.asset
  artifactKey: Guid(66486fdcaa0b8b14aa590d87d28046df) Importer(815301076,1909f56bfc062723c751e8b465ee728b)
Start importing Assets/Game Data/Weapon Data/Psiquico/MindRaider.asset using Guid(66486fdcaa0b8b14aa590d87d28046df) Importer(815301076,1909f56bfc062723c751e8b465ee728b)  -> (artifact id: 'e88b1d450bb2617a329fc465130fb275') in 0.110503 seconds 
  Import took 0.114809 seconds .

========================================================================
Received Import Request.
  Time since last request: 59.574299 seconds.
  path: Assets/Game Data/Weapon Data/Psiquico/MindRaider.asset
  artifactKey: Guid(66486fdcaa0b8b14aa590d87d28046df) Importer(815301076,1909f56bfc062723c751e8b465ee728b)
Start importing Assets/Game Data/Weapon Data/Psiquico/MindRaider.asset using Guid(66486fdcaa0b8b14aa590d87d28046df) Importer(815301076,1909f56bfc062723c751e8b465ee728b)  -> (artifact id: '09a5519bf1f0dcfa56710fcda3adbcf0') in 0.086821 seconds 
  Import took 0.138145 seconds .

========================================================================
Received Import Request.
  Time since last request: 19.019519 seconds.
  path: Assets/Game Data/Weapon Data/Tierra/SandHammer.asset
  artifactKey: Guid(b1fec04ee0c38f143b3c99d248293c14) Importer(815301076,1909f56bfc062723c751e8b465ee728b)
Start importing Assets/Game Data/Weapon Data/Tierra/SandHammer.asset using Guid(b1fec04ee0c38f143b3c99d248293c14) Importer(815301076,1909f56bfc062723c751e8b465ee728b)  -> (artifact id: '4e529db662f41c59d88e56fe699c9c30') in 0.051731 seconds 
  Import took 0.133349 seconds .

========================================================================
Received Import Request.
  Time since last request: 53.375203 seconds.
  path: Assets/Game Data/Weapon Data/Tierra/SandHammer.asset
  artifactKey: Guid(b1fec04ee0c38f143b3c99d248293c14) Importer(815301076,1909f56bfc062723c751e8b465ee728b)
Start importing Assets/Game Data/Weapon Data/Tierra/SandHammer.asset using Guid(b1fec04ee0c38f143b3c99d248293c14) Importer(815301076,1909f56bfc062723c751e8b465ee728b)  -> (artifact id: '1403672306a13b45b97df440cf2557aa') in 0.079259 seconds 
  Import took 0.096682 seconds .

========================================================================
Received Import Request.
  Time since last request: 18.294852 seconds.
  path: Assets/Game Data/Weapon Data/Viento/New Weapon.asset
  artifactKey: Guid(0d7fc3c04805b4146884480913fe3640) Importer(815301076,1909f56bfc062723c751e8b465ee728b)
Start importing Assets/Game Data/Weapon Data/Viento/New Weapon.asset using Guid(0d7fc3c04805b4146884480913fe3640) Importer(815301076,1909f56bfc062723c751e8b465ee728b)  -> (artifact id: 'bdc786d5637534bc19adbdfdbeb0d1db') in 0.122490 seconds 
  Import took 0.133035 seconds .

========================================================================
Received Import Request.
  Time since last request: 8.868944 seconds.
  path: Assets/Game Data/Weapon Data/Viento/BreezeKnife.asset
  artifactKey: Guid(0d7fc3c04805b4146884480913fe3640) Importer(815301076,1909f56bfc062723c751e8b465ee728b)
Start importing Assets/Game Data/Weapon Data/Viento/BreezeKnife.asset using Guid(0d7fc3c04805b4146884480913fe3640) Importer(815301076,1909f56bfc062723c751e8b465ee728b)  -> (artifact id: 'c3e66b7c927e56b3b9297ad42e8d7e33') in 0.024541 seconds 
  Import took 0.121718 seconds .

========================================================================
Received Import Request.
  Time since last request: 36.794903 seconds.
  path: Assets/Game Data/Weapon Data/Viento/BreezeKnife.asset
  artifactKey: Guid(0d7fc3c04805b4146884480913fe3640) Importer(815301076,1909f56bfc062723c751e8b465ee728b)
Start importing Assets/Game Data/Weapon Data/Viento/BreezeKnife.asset using Guid(0d7fc3c04805b4146884480913fe3640) Importer(815301076,1909f56bfc062723c751e8b465ee728b)  -> (artifact id: 'b1c15eabac013559ba3ff4a8e661731a') in 0.090104 seconds 
  Import took 0.111087 seconds .

========================================================================
Received Import Request.
  Time since last request: 70.222991 seconds.
  path: Assets/Game Data/Weapon Data/Agua/SplashGun.asset
  artifactKey: Guid(1d70bab6a09162848b220774f9d9310b) Importer(815301076,1909f56bfc062723c751e8b465ee728b)
Start importing Assets/Game Data/Weapon Data/Agua/SplashGun.asset using Guid(1d70bab6a09162848b220774f9d9310b) Importer(815301076,1909f56bfc062723c751e8b465ee728b)  -> (artifact id: '6575c76f3ec628572fef781726ce67d1') in 0.146459 seconds 
  Import took 0.186797 seconds .

========================================================================
Received Import Request.
  Time since last request: 76.033200 seconds.
  path: Assets/Game Data/Weapon Data/Alcoholico/VodkaShotgun.asset
  artifactKey: Guid(15fedcfeaa89f014688acf5bf1d0f517) Importer(815301076,1909f56bfc062723c751e8b465ee728b)
Start importing Assets/Game Data/Weapon Data/Alcoholico/VodkaShotgun.asset using Guid(15fedcfeaa89f014688acf5bf1d0f517) Importer(815301076,1909f56bfc062723c751e8b465ee728b)  -> (artifact id: '46be362c2b9e9f76e60f72ec61847e40') in 0.184784 seconds 
  Import took 0.223983 seconds .

========================================================================
Received Import Request.
  Time since last request: 42.131148 seconds.
  path: Assets/Game Data/Weapon Data/Electrico/TeslasMachine.asset
  artifactKey: Guid(44725dde3d2b7cc459a9db4223260a7e) Importer(815301076,1909f56bfc062723c751e8b465ee728b)
Start importing Assets/Game Data/Weapon Data/Electrico/TeslasMachine.asset using Guid(44725dde3d2b7cc459a9db4223260a7e) Importer(815301076,1909f56bfc062723c751e8b465ee728b)  -> (artifact id: 'e47c03784872d45de29a74bff862c139') in 0.188243 seconds 
  Import took 0.252456 seconds .

========================================================================
Received Import Request.
  Time since last request: 49.613886 seconds.
  path: Assets/Game Data/Weapon Data/Fisico/SCAR-H.asset
  artifactKey: Guid(ccf5485788080164e8549cba3d5dd429) Importer(815301076,1909f56bfc062723c751e8b465ee728b)
Start importing Assets/Game Data/Weapon Data/Fisico/SCAR-H.asset using Guid(ccf5485788080164e8549cba3d5dd429) Importer(815301076,1909f56bfc062723c751e8b465ee728b)  -> (artifact id: '80503b247d1d66f95a0bbd547a82607d') in 0.124176 seconds 
  Import took 0.132144 seconds .

========================================================================
Received Import Request.
  Time since last request: 73.731747 seconds.
  path: Assets/Game Data/Weapon Data/Fuego/SmallBurner.asset
  artifactKey: Guid(baba1df3cc8bed14896db36e7bfc3225) Importer(815301076,1909f56bfc062723c751e8b465ee728b)
Start importing Assets/Game Data/Weapon Data/Fuego/SmallBurner.asset using Guid(baba1df3cc8bed14896db36e7bfc3225) Importer(815301076,1909f56bfc062723c751e8b465ee728b)  -> (artifact id: '929d761b11ca1b13c651632131f288af') in 0.151156 seconds 
  Import took 0.179817 seconds .

========================================================================
Received Import Request.
  Time since last request: 32.188388 seconds.
  path: Assets/Game Data/Weapon Data/Psiquico/Nightmare.asset
  artifactKey: Guid(1500bc934e4159f4082e72b857a0f715) Importer(815301076,1909f56bfc062723c751e8b465ee728b)
Start importing Assets/Game Data/Weapon Data/Psiquico/Nightmare.asset using Guid(1500bc934e4159f4082e72b857a0f715) Importer(815301076,1909f56bfc062723c751e8b465ee728b)  -> (artifact id: 'f112ecb1a64725374cdc34c8959bf441') in 0.059714 seconds 
  Import took 0.066526 seconds .

========================================================================
Received Import Request.
  Time since last request: 54.555174 seconds.
  path: Assets/Game Data/Weapon Data/Viento/TheFrost.asset
  artifactKey: Guid(bcf2b39e9c01fb549a83e21218fdce93) Importer(815301076,1909f56bfc062723c751e8b465ee728b)
Start importing Assets/Game Data/Weapon Data/Viento/TheFrost.asset using Guid(bcf2b39e9c01fb549a83e21218fdce93) Importer(815301076,1909f56bfc062723c751e8b465ee728b)  -> (artifact id: '92fe975c68f4c43130b6b35d0417a3b7') in 0.067817 seconds 
  Import took 0.088381 seconds .

========================================================================
Received Import Request.
  Time since last request: 125.920290 seconds.
  path: Assets/Game Data/Fighter data/Player fighters/Felsen/lvl1_Felsen.asset
  artifactKey: Guid(34ea59b5cb9201449a6ba176fd49e596) Importer(815301076,1909f56bfc062723c751e8b465ee728b)
Start importing Assets/Game Data/Fighter data/Player fighters/Felsen/lvl1_Felsen.asset using Guid(34ea59b5cb9201449a6ba176fd49e596) Importer(815301076,1909f56bfc062723c751e8b465ee728b)  -> (artifact id: 'cfeff76ba671fe6c338da55189b0c60e') in 0.474564 seconds 
  Import took 0.504630 seconds .

========================================================================
Received Import Request.
  Time since last request: 0.088809 seconds.
  path: Assets/Game Data/Fighter data/Player fighters/Felsen/lvl1_Felsen.asset
  artifactKey: Guid(34ea59b5cb9201449a6ba176fd49e596) Importer(815301076,1909f56bfc062723c751e8b465ee728b)
Start importing Assets/Game Data/Fighter data/Player fighters/Felsen/lvl1_Felsen.asset using Guid(34ea59b5cb9201449a6ba176fd49e596) Importer(815301076,1909f56bfc062723c751e8b465ee728b)  -> (artifact id: 'cfeff76ba671fe6c338da55189b0c60e') in 0.045396 seconds 
  Import took 0.053316 seconds .

========================================================================
Received Prepare
Registering precompiled user dll's ...
Registered in 1.226694 seconds.
Begin MonoManager ReloadAssembly
Native extension for WindowsStandalone target not found
Refreshing native plugins compatible for Editor in 0.75 ms, found 3 plugins.
Preloading 0 native plugins for Editor in 0.00 ms.
Mono: successfully reloaded assembly
- Completed reload, in  2.165 seconds
Domain Reload Profiling:
	ReloadAssembly (2166ms)
		BeginReloadAssembly (254ms)
			ExecutionOrderSort (0ms)
			DisableScriptedObjects (64ms)
			BackupInstance (0ms)
			ReleaseScriptingObjects (0ms)
			CreateAndSetChildDomain (71ms)
		EndReloadAssembly (1842ms)
			LoadAssemblies (182ms)
			RebuildTransferFunctionScriptingTraits (0ms)
			SetupTypeCache (385ms)
			ReleaseScriptCaches (2ms)
			RebuildScriptCaches (45ms)
			SetupLoadedEditorAssemblies (1092ms)
				LogAssemblyErrors (0ms)
				InitializePlatformSupportModulesInManaged (36ms)
				SetLoadedEditorAssemblies (1ms)
				RefreshPlugins (1ms)
				BeforeProcessingInitializeOnLoad (108ms)
				ProcessInitializeOnLoadAttributes (913ms)
				ProcessInitializeOnLoadMethodAttributes (25ms)
				AfterProcessingInitializeOnLoad (8ms)
				EditorAssembliesLoaded (0ms)
			ExecutionOrderSort2 (0ms)
			AwakeInstancesAfterBackupRestoration (24ms)
Platform modules already initialized, skipping
Refreshing native plugins compatible for Editor in 0.98 ms, found 3 plugins.
Preloading 0 native plugins for Editor in 0.00 ms.
Unloading 2183 Unused Serialized files (Serialized files now loaded: 0)
System memory in use before: 100.9 MB.
System memory in use after: 101.1 MB.

Unloading 24 unused Assets to reduce memory usage. Loaded Objects now: 2718.
Total: 25.773100 ms (FindLiveObjects: 0.236700 ms CreateObjectMapping: 0.107200 ms MarkObjects: 25.392200 ms  DeleteObjects: 0.035100 ms)

AssetImportParameters requested are different than current active one (requested -> active):
  custom:framework-win-MediaFoundation: 216162199b28c13a410421893ffa2e32 -> 
  custom:video-decoder-ogg-theora: a1e56fd34408186e4bbccfd4996cb3dc -> 
  custom:container-muxer-webm: aa71ff27fc2769a1b78a27578f13a17b -> 
  custom:container-demuxer-webm: 4f35f7cbe854078d1ac9338744f61a02 -> 
  custom:container-demuxer-ogg: 62fdf1f143b41e24485cea50d1cbac27 -> 
  custom:video-encoder-webm-vp8: eb34c28f22e8b96e1ab97ce403110664 -> 
  custom:video-codec-MediaFoundation-h265: 746d11721c4dcdbdad8f713fa42b33f4 -> 
  custom:video-decoder-webm-vp8: 9c59270c3fd7afecdb556c50c9e8de78 -> 
  custom:audio-decoder-ogg-vorbis: bf7c407c2cedff20999df2af8eb42d56 -> 
  custom:audio-encoder-webm-vorbis: bf7c407c2cedff20999df2af8eb42d56 -> 
========================================================================
Received Import Request.
  Time since last request: 108.162844 seconds.
  path: Assets/Game Data/Weapon Data/Fisico/M16.asset
  artifactKey: Guid(b929e8c5746b88f4c958584a981936cb) Importer(815301076,1909f56bfc062723c751e8b465ee728b)
Start importing Assets/Game Data/Weapon Data/Fisico/M16.asset using Guid(b929e8c5746b88f4c958584a981936cb) Importer(815301076,1909f56bfc062723c751e8b465ee728b)  -> (artifact id: '5082d948cf8f2bb7947f6b373daa85c8') in 0.041605 seconds 
  Import took 0.096811 seconds .

========================================================================
Received Import Request.
  Time since last request: 0.000423 seconds.
  path: Assets/Game Data/Weapon Data/Fuego/Evaporator.asset
  artifactKey: Guid(401ae0c9567e46a409d2d84fdd5a541d) Importer(815301076,1909f56bfc062723c751e8b465ee728b)
Start importing Assets/Game Data/Weapon Data/Fuego/Evaporator.asset using Guid(401ae0c9567e46a409d2d84fdd5a541d) Importer(815301076,1909f56bfc062723c751e8b465ee728b)  -> (artifact id: '56f3a34a1d42693bd64a95b9ec106f34') in 0.047709 seconds 
  Import took 0.116806 seconds .

========================================================================
Received Import Request.
  Time since last request: 0.000304 seconds.
  path: Assets/Game Data/Fighter data/Player fighters/Humano/lvl1_Humano.asset
  artifactKey: Guid(4e4cd9eef3e72144b812012a18107d33) Importer(815301076,1909f56bfc062723c751e8b465ee728b)
Start importing Assets/Game Data/Fighter data/Player fighters/Humano/lvl1_Humano.asset using Guid(4e4cd9eef3e72144b812012a18107d33) Importer(815301076,1909f56bfc062723c751e8b465ee728b)  -> (artifact id: '10e1896737e4245187d186f2269745bf') in 0.608965 seconds 
  Import took 0.702125 seconds .

========================================================================
Received Import Request.
  Time since last request: 0.000615 seconds.
  path: Assets/Game Data/Weapon Data/Viento/AirKnife.asset
  artifactKey: Guid(56374e844d8f1494bbcd45d6e003fd4f) Importer(815301076,1909f56bfc062723c751e8b465ee728b)
Start importing Assets/Game Data/Weapon Data/Viento/AirKnife.asset using Guid(56374e844d8f1494bbcd45d6e003fd4f) Importer(815301076,1909f56bfc062723c751e8b465ee728b)  -> (artifact id: '7e7c90c30409f96b128fa92f07b755e0') in 0.059291 seconds 
  Import took 0.070215 seconds .

========================================================================
Received Import Request.
  Time since last request: 0.000206 seconds.
  path: Assets/Game Data/Weapon Data/Agua/BubbleGun.asset
  artifactKey: Guid(f92fc6a6fdca1e541accdf3a8b79d601) Importer(815301076,1909f56bfc062723c751e8b465ee728b)
Start importing Assets/Game Data/Weapon Data/Agua/BubbleGun.asset using Guid(f92fc6a6fdca1e541accdf3a8b79d601) Importer(815301076,1909f56bfc062723c751e8b465ee728b)  -> (artifact id: 'b29b859e50ac1014bddeb702fa0778b0') in 0.342727 seconds 
  Import took 0.361884 seconds .

========================================================================
Received Import Request.
  Time since last request: 0.000245 seconds.
  path: Assets/Game Data/Weapon Data/Psiquico/MindAmplifier.asset
  artifactKey: Guid(21d997da98d0bd7439bf026a12a9eac5) Importer(815301076,1909f56bfc062723c751e8b465ee728b)
Start importing Assets/Game Data/Weapon Data/Psiquico/MindAmplifier.asset using Guid(21d997da98d0bd7439bf026a12a9eac5) Importer(815301076,1909f56bfc062723c751e8b465ee728b)  -> (artifact id: '13bec292c2ae37f0de1b42b2b6091dfa') in 0.109176 seconds 
  Import took 0.133680 seconds .

========================================================================
Received Import Request.
  Time since last request: 0.000164 seconds.
  path: Assets/Game Data/Fighter data/Player fighters/Reptiliano/lvl1_Reptiliano.asset
  artifactKey: Guid(9274c4d4ca3895e4cb4341375c8ffe2e) Importer(815301076,1909f56bfc062723c751e8b465ee728b)
Start importing Assets/Game Data/Fighter data/Player fighters/Reptiliano/lvl1_Reptiliano.asset using Guid(9274c4d4ca3895e4cb4341375c8ffe2e) Importer(815301076,1909f56bfc062723c751e8b465ee728b)  -> (artifact id: '7da35ad5506d9e24a9caa34825afbae9') in 0.280055 seconds 
  Import took 0.302380 seconds .

========================================================================
Received Import Request.
  Time since last request: 0.000495 seconds.
  path: Assets/Game Data/Weapon Data/Viento/HurricaneKnife.asset
  artifactKey: Guid(1510933136ec9604681ef6d9f4d9b658) Importer(815301076,1909f56bfc062723c751e8b465ee728b)
Start importing Assets/Game Data/Weapon Data/Viento/HurricaneKnife.asset using Guid(1510933136ec9604681ef6d9f4d9b658) Importer(815301076,1909f56bfc062723c751e8b465ee728b)  -> (artifact id: '7fa92a5c8b7699a516de179befc09fc3') in 0.072283 seconds 
  Import took 0.112605 seconds .

========================================================================
Received Import Request.
  Time since last request: 0.000187 seconds.
  path: Assets/Game Data/Weapon Data/Electrico/PlasmaGun.asset
  artifactKey: Guid(5b4c9a7c35839084d9f8bebce16b9703) Importer(815301076,1909f56bfc062723c751e8b465ee728b)
Start importing Assets/Game Data/Weapon Data/Electrico/PlasmaGun.asset using Guid(5b4c9a7c35839084d9f8bebce16b9703) Importer(815301076,1909f56bfc062723c751e8b465ee728b)  -> (artifact id: 'bf1a3c28d1d90638d0e54da6721d569b') in 0.047858 seconds 
  Import took 0.053236 seconds .

========================================================================
Received Import Request.
  Time since last request: 0.000179 seconds.
  path: Assets/Game Data/Weapon Data/Fisico/Ak47.asset
  artifactKey: Guid(c3612c52e49b6024d8d628796893e2a8) Importer(815301076,1909f56bfc062723c751e8b465ee728b)
Start importing Assets/Game Data/Weapon Data/Fisico/Ak47.asset using Guid(c3612c52e49b6024d8d628796893e2a8) Importer(815301076,1909f56bfc062723c751e8b465ee728b)  -> (artifact id: '473fa48b0d5f08e421906a79e01b2a05') in 0.046582 seconds 
  Import took 0.067926 seconds .

========================================================================
Received Import Request.
  Time since last request: 0.000237 seconds.
  path: Assets/Game Data/Weapon Data/Alcoholico/RumShotgun.asset
  artifactKey: Guid(eefbc3e94f686d742b81787ae68335c6) Importer(815301076,1909f56bfc062723c751e8b465ee728b)
Start importing Assets/Game Data/Weapon Data/Alcoholico/RumShotgun.asset using Guid(eefbc3e94f686d742b81787ae68335c6) Importer(815301076,1909f56bfc062723c751e8b465ee728b)  -> (artifact id: '37ef309ccd64f56a199a36a2be57d972') in 0.075601 seconds 
  Import took 0.081237 seconds .

========================================================================
Received Import Request.
  Time since last request: 0.000184 seconds.
  path: Assets/Game Data/Weapon Data/Psiquico/ConscienceSwitch.asset
  artifactKey: Guid(51dd5ff077ab1504eb5dd8148c7cb849) Importer(815301076,1909f56bfc062723c751e8b465ee728b)
Start importing Assets/Game Data/Weapon Data/Psiquico/ConscienceSwitch.asset using Guid(51dd5ff077ab1504eb5dd8148c7cb849) Importer(815301076,1909f56bfc062723c751e8b465ee728b)  -> (artifact id: 'af860257e1db008fb2dbf66046a7868d') in 0.060068 seconds 
  Import took 0.068052 seconds .

========================================================================
Received Import Request.
  Time since last request: 0.000172 seconds.
  path: Assets/Game Data/Weapon Data/Agua/PolarGun.asset
  artifactKey: Guid(e8f288da19007fa4087b9b080fa186e7) Importer(815301076,1909f56bfc062723c751e8b465ee728b)
Start importing Assets/Game Data/Weapon Data/Agua/PolarGun.asset using Guid(e8f288da19007fa4087b9b080fa186e7) Importer(815301076,1909f56bfc062723c751e8b465ee728b)  -> (artifact id: 'd9024556e6f83730b0b9b200116d4af6') in 0.175433 seconds 
  Import took 0.199837 seconds .

========================================================================
Received Import Request.
  Time since last request: 0.000351 seconds.
  path: Assets/Game Data/Weapon Data/Agua/MarineGun.asset
  artifactKey: Guid(2fc1fa4c7191acf4399be1766ea48aca) Importer(815301076,1909f56bfc062723c751e8b465ee728b)
Start importing Assets/Game Data/Weapon Data/Agua/MarineGun.asset using Guid(2fc1fa4c7191acf4399be1766ea48aca) Importer(815301076,1909f56bfc062723c751e8b465ee728b)  -> (artifact id: '2bd0a2548de07bdec262073ad4fe550e') in 0.086797 seconds 
  Import took 0.142427 seconds .

========================================================================
Received Import Request.
  Time since last request: 0.000259 seconds.
  path: Assets/Game Data/Weapon Data/Tierra/PetroleumHammer.asset
  artifactKey: Guid(b951730b90329664bb4f96cd150cc52e) Importer(815301076,1909f56bfc062723c751e8b465ee728b)
Start importing Assets/Game Data/Weapon Data/Tierra/PetroleumHammer.asset using Guid(b951730b90329664bb4f96cd150cc52e) Importer(815301076,1909f56bfc062723c751e8b465ee728b)  -> (artifact id: '0138cb0ed9e04810747862d8c9f6223f') in 0.054129 seconds 
  Import took 0.064002 seconds .

========================================================================
Received Import Request.
  Time since last request: 0.000206 seconds.
  path: Assets/Game Data/Weapon Data/Electrico/SparkGun.asset
  artifactKey: Guid(dff05317e6c5e0542bf0882226df5f9c) Importer(815301076,1909f56bfc062723c751e8b465ee728b)
Start importing Assets/Game Data/Weapon Data/Electrico/SparkGun.asset using Guid(dff05317e6c5e0542bf0882226df5f9c) Importer(815301076,1909f56bfc062723c751e8b465ee728b)  -> (artifact id: '2af3484d729185040d03a22b62cf1dfc') in 0.089182 seconds 
  Import took 0.103370 seconds .

========================================================================
Received Import Request.
  Time since last request: 0.000201 seconds.
  path: Assets/Game Data/Weapon Data/Tierra/MudHammer.asset
  artifactKey: Guid(44b1c12ebd53f5e4095772f5603c59f4) Importer(815301076,1909f56bfc062723c751e8b465ee728b)
Start importing Assets/Game Data/Weapon Data/Tierra/MudHammer.asset using Guid(44b1c12ebd53f5e4095772f5603c59f4) Importer(815301076,1909f56bfc062723c751e8b465ee728b)  -> (artifact id: '053c03e76ff7a65204fea0d54ae15ceb') in 0.086203 seconds 
  Import took 0.125124 seconds .

========================================================================
Received Import Request.
  Time since last request: 0.000538 seconds.
  path: Assets/Game Data/Weapon Data/Tierra/GoldenHammer.asset
  artifactKey: Guid(73fa385ea20f86541aa28d5d3418df3b) Importer(815301076,1909f56bfc062723c751e8b465ee728b)
Start importing Assets/Game Data/Weapon Data/Tierra/GoldenHammer.asset using Guid(73fa385ea20f86541aa28d5d3418df3b) Importer(815301076,1909f56bfc062723c751e8b465ee728b)  -> (artifact id: 'e018d2459284dde89284406a6a33c621') in 0.118443 seconds 
  Import took 0.144294 seconds .

========================================================================
Received Import Request.
  Time since last request: 0.000220 seconds.
  path: Assets/Game Data/Weapon Data/Fuego/Flamethrower.asset
  artifactKey: Guid(45b1481f7e2c9094ab473ce9b7e53673) Importer(815301076,1909f56bfc062723c751e8b465ee728b)
Start importing Assets/Game Data/Weapon Data/Fuego/Flamethrower.asset using Guid(45b1481f7e2c9094ab473ce9b7e53673) Importer(815301076,1909f56bfc062723c751e8b465ee728b)  -> (artifact id: '5c6eaf9ef3ffd36dc08bfd2b697c06f7') in 0.063663 seconds 
  Import took 0.078174 seconds .

========================================================================
Received Import Request.
  Time since last request: 0.000202 seconds.
  path: Assets/Game Data/Weapon Data/Electrico/Generator.asset
  artifactKey: Guid(61fada4cf0dc6394d81ce2d9fcb85d11) Importer(815301076,1909f56bfc062723c751e8b465ee728b)
Start importing Assets/Game Data/Weapon Data/Electrico/Generator.asset using Guid(61fada4cf0dc6394d81ce2d9fcb85d11) Importer(815301076,1909f56bfc062723c751e8b465ee728b)  -> (artifact id: '5a1397505dfe6dc1e56d2f83de0fabb3') in 0.098189 seconds 
  Import took 0.157731 seconds .

========================================================================
Received Import Request.
  Time since last request: 0.000184 seconds.
  path: Assets/Game Data/Weapon Data/Alcoholico/BeerShotgun.asset
  artifactKey: Guid(dd75f349b1cdfcc45bf90c499fbf1242) Importer(815301076,1909f56bfc062723c751e8b465ee728b)
Start importing Assets/Game Data/Weapon Data/Alcoholico/BeerShotgun.asset using Guid(dd75f349b1cdfcc45bf90c499fbf1242) Importer(815301076,1909f56bfc062723c751e8b465ee728b)  -> (artifact id: 'e27c709e7e9f9bdf1dbc64c98a66f080') in 0.057047 seconds 
  Import took 0.063006 seconds .

========================================================================
Received Import Request.
  Time since last request: 0.000216 seconds.
  path: Assets/Game Data/Weapon Data/Alcoholico/CiderShotgun.asset
  artifactKey: Guid(447762706141a484082a90729025fb8e) Importer(815301076,1909f56bfc062723c751e8b465ee728b)
Start importing Assets/Game Data/Weapon Data/Alcoholico/CiderShotgun.asset using Guid(447762706141a484082a90729025fb8e) Importer(815301076,1909f56bfc062723c751e8b465ee728b)  -> (artifact id: '154bc4d0746b4832aaccf145fe091932') in 0.050251 seconds 
  Import took 0.054775 seconds .

========================================================================
Received Import Request.
  Time since last request: 85.272748 seconds.
  path: Assets/Game Data/Fighter data/Player fighters/Felsen/lvl1_Felsen.asset
  artifactKey: Guid(34ea59b5cb9201449a6ba176fd49e596) Importer(815301076,1909f56bfc062723c751e8b465ee728b)
Start importing Assets/Game Data/Fighter data/Player fighters/Felsen/lvl1_Felsen.asset using Guid(34ea59b5cb9201449a6ba176fd49e596) Importer(815301076,1909f56bfc062723c751e8b465ee728b)  -> (artifact id: '793197f30ff51d629d6fcd7fd2dfce04') in 0.068577 seconds 
  Import took 0.083651 seconds .

========================================================================
Received Prepare
Registering precompiled user dll's ...
Registered in 2.281551 seconds.
Begin MonoManager ReloadAssembly
Native extension for WindowsStandalone target not found
Refreshing native plugins compatible for Editor in 1.33 ms, found 3 plugins.
Preloading 0 native plugins for Editor in 0.00 ms.
Mono: successfully reloaded assembly
- Completed reload, in 16.766 seconds
Domain Reload Profiling:
	ReloadAssembly (16767ms)
		BeginReloadAssembly (641ms)
			ExecutionOrderSort (0ms)
			DisableScriptedObjects (28ms)
			BackupInstance (0ms)
			ReleaseScriptingObjects (0ms)
			CreateAndSetChildDomain (173ms)
		EndReloadAssembly (15922ms)
			LoadAssemblies (10390ms)
			RebuildTransferFunctionScriptingTraits (0ms)
			SetupTypeCache (1060ms)
			ReleaseScriptCaches (2ms)
			RebuildScriptCaches (157ms)
			SetupLoadedEditorAssemblies (3808ms)
				LogAssemblyErrors (0ms)
				InitializePlatformSupportModulesInManaged (18ms)
				SetLoadedEditorAssemblies (2ms)
				RefreshPlugins (1ms)
				BeforeProcessingInitializeOnLoad (291ms)
				ProcessInitializeOnLoadAttributes (3384ms)
				ProcessInitializeOnLoadMethodAttributes (87ms)
				AfterProcessingInitializeOnLoad (23ms)
				EditorAssembliesLoaded (1ms)
			ExecutionOrderSort2 (0ms)
			AwakeInstancesAfterBackupRestoration (46ms)
Platform modules already initialized, skipping
Refreshing native plugins compatible for Editor in 0.89 ms, found 3 plugins.
Preloading 0 native plugins for Editor in 0.00 ms.
Unloading 2183 Unused Serialized files (Serialized files now loaded: 0)
System memory in use before: 101.0 MB.
System memory in use after: 101.2 MB.

Unloading 24 unused Assets to reduce memory usage. Loaded Objects now: 2721.
Total: 26.885400 ms (FindLiveObjects: 0.479500 ms CreateObjectMapping: 0.247600 ms MarkObjects: 26.099000 ms  DeleteObjects: 0.038900 ms)

AssetImportParameters requested are different than current active one (requested -> active):
  custom:framework-win-MediaFoundation: 216162199b28c13a410421893ffa2e32 -> 
  custom:video-decoder-ogg-theora: a1e56fd34408186e4bbccfd4996cb3dc -> 
  custom:container-muxer-webm: aa71ff27fc2769a1b78a27578f13a17b -> 
  custom:container-demuxer-webm: 4f35f7cbe854078d1ac9338744f61a02 -> 
  custom:container-demuxer-ogg: 62fdf1f143b41e24485cea50d1cbac27 -> 
  custom:video-encoder-webm-vp8: eb34c28f22e8b96e1ab97ce403110664 -> 
  custom:video-codec-MediaFoundation-h265: 746d11721c4dcdbdad8f713fa42b33f4 -> 
  custom:video-decoder-webm-vp8: 9c59270c3fd7afecdb556c50c9e8de78 -> 
  custom:audio-decoder-ogg-vorbis: bf7c407c2cedff20999df2af8eb42d56 -> 
  custom:audio-encoder-webm-vorbis: bf7c407c2cedff20999df2af8eb42d56 -> 
========================================================================
Received Import Request.
  Time since last request: 2002.966116 seconds.
  path: Assets/Prefabs/Fighter.prefab
  artifactKey: Guid(ee9478e7f28706048b4a3bf1312faf01) Importer(815301076,1909f56bfc062723c751e8b465ee728b)
Start importing Assets/Prefabs/Fighter.prefab using Guid(ee9478e7f28706048b4a3bf1312faf01) Importer(815301076,1909f56bfc062723c751e8b465ee728b)  -> (artifact id: '85c3ec534cf01c78cb69abc625291438') in 0.381280 seconds 
  Import took 0.451270 seconds .

========================================================================
Received Prepare
Registering precompiled user dll's ...
Registered in 0.048163 seconds.
Begin MonoManager ReloadAssembly
Native extension for WindowsStandalone target not found
Refreshing native plugins compatible for Editor in 1.01 ms, found 3 plugins.
Preloading 0 native plugins for Editor in 0.00 ms.
Mono: successfully reloaded assembly
- Completed reload, in  2.966 seconds
Domain Reload Profiling:
	ReloadAssembly (2966ms)
		BeginReloadAssembly (248ms)
			ExecutionOrderSort (0ms)
			DisableScriptedObjects (15ms)
			BackupInstance (0ms)
			ReleaseScriptingObjects (0ms)
			CreateAndSetChildDomain (98ms)
		EndReloadAssembly (2593ms)
			LoadAssemblies (187ms)
			RebuildTransferFunctionScriptingTraits (0ms)
			SetupTypeCache (567ms)
			ReleaseScriptCaches (2ms)
			RebuildScriptCaches (71ms)
			SetupLoadedEditorAssemblies (1437ms)
				LogAssemblyErrors (0ms)
				InitializePlatformSupportModulesInManaged (9ms)
				SetLoadedEditorAssemblies (2ms)
				RefreshPlugins (1ms)
				BeforeProcessingInitializeOnLoad (150ms)
				ProcessInitializeOnLoadAttributes (1199ms)
				ProcessInitializeOnLoadMethodAttributes (54ms)
				AfterProcessingInitializeOnLoad (22ms)
				EditorAssembliesLoaded (0ms)
			ExecutionOrderSort2 (0ms)
			AwakeInstancesAfterBackupRestoration (23ms)
Platform modules already initialized, skipping
Refreshing native plugins compatible for Editor in 2.47 ms, found 3 plugins.
Preloading 0 native plugins for Editor in 0.00 ms.
Unloading 2183 Unused Serialized files (Serialized files now loaded: 0)
System memory in use before: 101.0 MB.
System memory in use after: 101.2 MB.

Unloading 24 unused Assets to reduce memory usage. Loaded Objects now: 2724.
Total: 66.317900 ms (FindLiveObjects: 0.812400 ms CreateObjectMapping: 22.951800 ms MarkObjects: 42.516900 ms  DeleteObjects: 0.034200 ms)

AssetImportParameters requested are different than current active one (requested -> active):
  custom:framework-win-MediaFoundation: 216162199b28c13a410421893ffa2e32 -> 
  custom:video-decoder-ogg-theora: a1e56fd34408186e4bbccfd4996cb3dc -> 
  custom:container-muxer-webm: aa71ff27fc2769a1b78a27578f13a17b -> 
  custom:container-demuxer-webm: 4f35f7cbe854078d1ac9338744f61a02 -> 
  custom:container-demuxer-ogg: 62fdf1f143b41e24485cea50d1cbac27 -> 
  custom:video-encoder-webm-vp8: eb34c28f22e8b96e1ab97ce403110664 -> 
  custom:video-codec-MediaFoundation-h265: 746d11721c4dcdbdad8f713fa42b33f4 -> 
  custom:video-decoder-webm-vp8: 9c59270c3fd7afecdb556c50c9e8de78 -> 
  custom:audio-decoder-ogg-vorbis: bf7c407c2cedff20999df2af8eb42d56 -> 
  custom:audio-encoder-webm-vorbis: bf7c407c2cedff20999df2af8eb42d56 -> 
========================================================================
Received Prepare
Registering precompiled user dll's ...
Registered in 0.061725 seconds.
Begin MonoManager ReloadAssembly
Native extension for WindowsStandalone target not found
Refreshing native plugins compatible for Editor in 2.08 ms, found 3 plugins.
Preloading 0 native plugins for Editor in 0.00 ms.
Mono: successfully reloaded assembly
- Completed reload, in  3.086 seconds
Domain Reload Profiling:
	ReloadAssembly (3087ms)
		BeginReloadAssembly (248ms)
			ExecutionOrderSort (0ms)
			DisableScriptedObjects (19ms)
			BackupInstance (0ms)
			ReleaseScriptingObjects (0ms)
			CreateAndSetChildDomain (112ms)
		EndReloadAssembly (2691ms)
			LoadAssemblies (175ms)
			RebuildTransferFunctionScriptingTraits (0ms)
			SetupTypeCache (707ms)
			ReleaseScriptCaches (1ms)
			RebuildScriptCaches (88ms)
			SetupLoadedEditorAssemblies (1454ms)
				LogAssemblyErrors (0ms)
				InitializePlatformSupportModulesInManaged (10ms)
				SetLoadedEditorAssemblies (2ms)
				RefreshPlugins (2ms)
				BeforeProcessingInitializeOnLoad (183ms)
				ProcessInitializeOnLoadAttributes (1180ms)
				ProcessInitializeOnLoadMethodAttributes (65ms)
				AfterProcessingInitializeOnLoad (12ms)
				EditorAssembliesLoaded (1ms)
			ExecutionOrderSort2 (0ms)
			AwakeInstancesAfterBackupRestoration (54ms)
Platform modules already initialized, skipping
Refreshing native plugins compatible for Editor in 0.85 ms, found 3 plugins.
Preloading 0 native plugins for Editor in 0.00 ms.
Unloading 2183 Unused Serialized files (Serialized files now loaded: 0)
System memory in use before: 101.0 MB.
System memory in use after: 101.2 MB.

Unloading 24 unused Assets to reduce memory usage. Loaded Objects now: 2727.
Total: 36.872400 ms (FindLiveObjects: 0.324800 ms CreateObjectMapping: 0.118500 ms MarkObjects: 36.372200 ms  DeleteObjects: 0.055200 ms)

AssetImportParameters requested are different than current active one (requested -> active):
  custom:framework-win-MediaFoundation: 216162199b28c13a410421893ffa2e32 -> 
  custom:video-decoder-ogg-theora: a1e56fd34408186e4bbccfd4996cb3dc -> 
  custom:container-muxer-webm: aa71ff27fc2769a1b78a27578f13a17b -> 
  custom:container-demuxer-webm: 4f35f7cbe854078d1ac9338744f61a02 -> 
  custom:container-demuxer-ogg: 62fdf1f143b41e24485cea50d1cbac27 -> 
  custom:video-encoder-webm-vp8: eb34c28f22e8b96e1ab97ce403110664 -> 
  custom:video-codec-MediaFoundation-h265: 746d11721c4dcdbdad8f713fa42b33f4 -> 
  custom:video-decoder-webm-vp8: 9c59270c3fd7afecdb556c50c9e8de78 -> 
  custom:audio-decoder-ogg-vorbis: bf7c407c2cedff20999df2af8eb42d56 -> 
  custom:audio-encoder-webm-vorbis: bf7c407c2cedff20999df2af8eb42d56 -> 
========================================================================
Received Prepare
Registering precompiled user dll's ...
Registered in 0.022274 seconds.
Begin MonoManager ReloadAssembly
Native extension for WindowsStandalone target not found
Refreshing native plugins compatible for Editor in 0.91 ms, found 3 plugins.
Preloading 0 native plugins for Editor in 0.00 ms.
Mono: successfully reloaded assembly
- Completed reload, in  3.234 seconds
Domain Reload Profiling:
	ReloadAssembly (3234ms)
		BeginReloadAssembly (250ms)
			ExecutionOrderSort (0ms)
			DisableScriptedObjects (14ms)
			BackupInstance (0ms)
			ReleaseScriptingObjects (0ms)
			CreateAndSetChildDomain (109ms)
		EndReloadAssembly (2872ms)
			LoadAssemblies (189ms)
			RebuildTransferFunctionScriptingTraits (0ms)
			SetupTypeCache (723ms)
			ReleaseScriptCaches (1ms)
			RebuildScriptCaches (82ms)
			SetupLoadedEditorAssemblies (1285ms)
				LogAssemblyErrors (0ms)
				InitializePlatformSupportModulesInManaged (9ms)
				SetLoadedEditorAssemblies (1ms)
				RefreshPlugins (1ms)
				BeforeProcessingInitializeOnLoad (199ms)
				ProcessInitializeOnLoadAttributes (994ms)
				ProcessInitializeOnLoadMethodAttributes (68ms)
				AfterProcessingInitializeOnLoad (12ms)
				EditorAssembliesLoaded (1ms)
			ExecutionOrderSort2 (0ms)
			AwakeInstancesAfterBackupRestoration (100ms)
Platform modules already initialized, skipping
Refreshing native plugins compatible for Editor in 0.86 ms, found 3 plugins.
Preloading 0 native plugins for Editor in 0.00 ms.
Unloading 2183 Unused Serialized files (Serialized files now loaded: 0)
System memory in use before: 101.0 MB.
System memory in use after: 101.3 MB.

Unloading 24 unused Assets to reduce memory usage. Loaded Objects now: 2730.
Total: 35.054200 ms (FindLiveObjects: 0.362400 ms CreateObjectMapping: 0.203800 ms MarkObjects: 34.445500 ms  DeleteObjects: 0.039700 ms)

AssetImportParameters requested are different than current active one (requested -> active):
  custom:framework-win-MediaFoundation: 216162199b28c13a410421893ffa2e32 -> 
  custom:video-decoder-ogg-theora: a1e56fd34408186e4bbccfd4996cb3dc -> 
  custom:container-muxer-webm: aa71ff27fc2769a1b78a27578f13a17b -> 
  custom:container-demuxer-webm: 4f35f7cbe854078d1ac9338744f61a02 -> 
  custom:container-demuxer-ogg: 62fdf1f143b41e24485cea50d1cbac27 -> 
  custom:video-encoder-webm-vp8: eb34c28f22e8b96e1ab97ce403110664 -> 
  custom:video-codec-MediaFoundation-h265: 746d11721c4dcdbdad8f713fa42b33f4 -> 
  custom:video-decoder-webm-vp8: 9c59270c3fd7afecdb556c50c9e8de78 -> 
  custom:audio-decoder-ogg-vorbis: bf7c407c2cedff20999df2af8eb42d56 -> 
  custom:audio-encoder-webm-vorbis: bf7c407c2cedff20999df2af8eb42d56 -> 
AssetImportWorkerClient::OnTransportError - code=2 error=End of file
