Using pre-set license
Built from '2020.3/staging' branch; Version is '2020.3.18f1 (a7d1c678663c) revision 10998214'; Using compiler version '192528614'; Build Type 'Release'
OS: 'Windows 10 Pro Education; OS build 18363.1556; Version 1909; 64bit' Language: 'es' Physical Memory: 7773 MB
BatchMode: 1, IsHumanControllingUs: 0, StartBugReporterOnCrash: 0, Is64bit: 1, IsPro: 0

COMMAND LINE ARGUMENTS:
C:\Program Files\Unity\Hub\Editor\2020.3.18f1\Editor\Unity.exe
-adb2
-batchMode
-noUpm
-name
AssetImportWorker6
-projectPath
C:/Users/seba3/OneDrive/Escritorio/Utalca/4to semestre/Taller de Videojuegos 2D/Proyecto/ProjectRagnarokk/proyecto Ragnarokk
-logFile
Logs/AssetImportWorker6.log
-srvPort
61107
Successfully changed project path to: C:/Users/seba3/OneDrive/Escritorio/Utalca/4to semestre/Taller de Videojuegos 2D/Proyecto/ProjectRagnarokk/proyecto Ragnarokk
C:/Users/seba3/OneDrive/Escritorio/Utalca/4to semestre/Taller de Videojuegos 2D/Proyecto/ProjectRagnarokk/proyecto Ragnarokk
Using Asset Import Pipeline V2.
Refreshing native plugins compatible for Editor in 77.94 ms, found 3 plugins.
Preloading 0 native plugins for Editor in 0.00 ms.
Initialize engine version: 2020.3.18f1 (a7d1c678663c)
[Subsystems] Discovering subsystems at path C:/Program Files/Unity/Hub/Editor/2020.3.18f1/Editor/Data/Resources/UnitySubsystems
[Subsystems] Discovering subsystems at path C:/Users/seba3/OneDrive/Escritorio/Utalca/4to semestre/Taller de Videojuegos 2D/Proyecto/ProjectRagnarokk/proyecto Ragnarokk/Assets
GfxDevice: creating device client; threaded=0
Direct3D:
    Version:  Direct3D 11.0 [level 11.1]
    Renderer: Intel(R) UHD Graphics (ID=0x9b41)
    Vendor:   
    VRAM:     3886 MB
    Driver:   26.20.100.7985
Initialize mono
Mono path[0] = 'C:/Program Files/Unity/Hub/Editor/2020.3.18f1/Editor/Data/Managed'
Mono path[1] = 'C:/Program Files/Unity/Hub/Editor/2020.3.18f1/Editor/Data/MonoBleedingEdge/lib/mono/unityjit'
Mono config path = 'C:/Program Files/Unity/Hub/Editor/2020.3.18f1/Editor/Data/MonoBleedingEdge/etc'
Using monoOptions --debugger-agent=transport=dt_socket,embedding=1,server=y,suspend=n,address=127.0.0.1:56468
Begin MonoManager ReloadAssembly
Registering precompiled unity dll's ...
Register platform support module: C:/Program Files/Unity/Hub/Editor/2020.3.18f1/Editor/Data/PlaybackEngines/WindowsStandaloneSupport/UnityEditor.WindowsStandalone.Extensions.dll
Registered in 0.002074 seconds.
Native extension for WindowsStandalone target not found
Refreshing native plugins compatible for Editor in 48.76 ms, found 3 plugins.
Preloading 0 native plugins for Editor in 0.00 ms.
Mono: successfully reloaded assembly
- Completed reload, in  2.136 seconds
Domain Reload Profiling:
	ReloadAssembly (2137ms)
		BeginReloadAssembly (112ms)
			ExecutionOrderSort (0ms)
			DisableScriptedObjects (0ms)
			BackupInstance (0ms)
			ReleaseScriptingObjects (0ms)
			CreateAndSetChildDomain (1ms)
		EndReloadAssembly (457ms)
			LoadAssemblies (108ms)
			RebuildTransferFunctionScriptingTraits (0ms)
			SetupTypeCache (160ms)
			ReleaseScriptCaches (0ms)
			RebuildScriptCaches (35ms)
			SetupLoadedEditorAssemblies (183ms)
				LogAssemblyErrors (0ms)
				InitializePlatformSupportModulesInManaged (4ms)
				SetLoadedEditorAssemblies (0ms)
				RefreshPlugins (49ms)
				BeforeProcessingInitializeOnLoad (18ms)
				ProcessInitializeOnLoadAttributes (81ms)
				ProcessInitializeOnLoadMethodAttributes (30ms)
				AfterProcessingInitializeOnLoad (0ms)
				EditorAssembliesLoaded (0ms)
			ExecutionOrderSort2 (0ms)
			AwakeInstancesAfterBackupRestoration (0ms)
Platform modules already initialized, skipping
Registering precompiled user dll's ...
Registered in 0.011440 seconds.
Begin MonoManager ReloadAssembly
Native extension for WindowsStandalone target not found
Refreshing native plugins compatible for Editor in 49.36 ms, found 3 plugins.
Preloading 0 native plugins for Editor in 0.00 ms.
Mono: successfully reloaded assembly
- Completed reload, in  7.445 seconds
Domain Reload Profiling:
	ReloadAssembly (7457ms)
		BeginReloadAssembly (210ms)
			ExecutionOrderSort (0ms)
			DisableScriptedObjects (5ms)
			BackupInstance (0ms)
			ReleaseScriptingObjects (0ms)
			CreateAndSetChildDomain (34ms)
		EndReloadAssembly (7065ms)
			LoadAssemblies (2367ms)
			RebuildTransferFunctionScriptingTraits (0ms)
			SetupTypeCache (962ms)
			ReleaseScriptCaches (1ms)
			RebuildScriptCaches (57ms)
			SetupLoadedEditorAssemblies (3485ms)
				LogAssemblyErrors (0ms)
				InitializePlatformSupportModulesInManaged (5ms)
				SetLoadedEditorAssemblies (0ms)
				RefreshPlugins (49ms)
				BeforeProcessingInitializeOnLoad (178ms)
				ProcessInitializeOnLoadAttributes (3010ms)
				ProcessInitializeOnLoadMethodAttributes (220ms)
				AfterProcessingInitializeOnLoad (20ms)
				EditorAssembliesLoaded (1ms)
			ExecutionOrderSort2 (0ms)
			AwakeInstancesAfterBackupRestoration (17ms)
Platform modules already initialized, skipping
========================================================================
Worker process is ready to serve import requests
Launched and connected shader compiler UnityShaderCompiler.exe after 1.51 seconds
Refreshing native plugins compatible for Editor in 0.99 ms, found 3 plugins.
Preloading 0 native plugins for Editor in 0.00 ms.
Unloading 2176 Unused Serialized files (Serialized files now loaded: 0)
System memory in use before: 98.5 MB.
System memory in use after: 98.6 MB.

Unloading 36 unused Assets to reduce memory usage. Loaded Objects now: 2663.
Total: 28.798800 ms (FindLiveObjects: 0.205200 ms CreateObjectMapping: 0.061500 ms MarkObjects: 28.433900 ms  DeleteObjects: 0.096200 ms)

AssetImportParameters requested are different than current active one (requested -> active):
  custom:framework-win-MediaFoundation: 216162199b28c13a410421893ffa2e32 -> 
  custom:video-decoder-ogg-theora: a1e56fd34408186e4bbccfd4996cb3dc -> 
  custom:container-muxer-webm: aa71ff27fc2769a1b78a27578f13a17b -> 
  custom:container-demuxer-webm: 4f35f7cbe854078d1ac9338744f61a02 -> 
  custom:container-demuxer-ogg: 62fdf1f143b41e24485cea50d1cbac27 -> 
  custom:video-encoder-webm-vp8: eb34c28f22e8b96e1ab97ce403110664 -> 
  custom:video-codec-MediaFoundation-h265: 746d11721c4dcdbdad8f713fa42b33f4 -> 
  custom:video-decoder-webm-vp8: 9c59270c3fd7afecdb556c50c9e8de78 -> 
  custom:audio-decoder-ogg-vorbis: bf7c407c2cedff20999df2af8eb42d56 -> 
  custom:audio-encoder-webm-vorbis: bf7c407c2cedff20999df2af8eb42d56 -> 
========================================================================
Received Import Request.
  path: Assets/Game Data/Weapon Data/AirKnife.asset
  artifactKey: Guid(56374e844d8f1494bbcd45d6e003fd4f) Importer(815301076,1909f56bfc062723c751e8b465ee728b)
Start importing Assets/Game Data/Weapon Data/AirKnife.asset using Guid(56374e844d8f1494bbcd45d6e003fd4f) Importer(815301076,1909f56bfc062723c751e8b465ee728b)  -> (artifact id: '266264e76143e009abf2502c3cda41d3') in 0.632487 seconds 
  Import took 0.676923 seconds .

========================================================================
Received Import Request.
  Time since last request: 0.000557 seconds.
  path: Assets/Game Data/Weapon Data/Ak47.asset
  artifactKey: Guid(c3612c52e49b6024d8d628796893e2a8) Importer(815301076,1909f56bfc062723c751e8b465ee728b)
Start importing Assets/Game Data/Weapon Data/Ak47.asset using Guid(c3612c52e49b6024d8d628796893e2a8) Importer(815301076,1909f56bfc062723c751e8b465ee728b)  -> (artifact id: '64ff2ae99c7229cc26ab985137b6c717') in 0.088634 seconds 
  Import took 0.112482 seconds .

========================================================================
Received Import Request.
  Time since last request: 147.797835 seconds.
  path: Assets/Game Data/Weapon Data/BeerBomb.asset
  artifactKey: Guid(dd75f349b1cdfcc45bf90c499fbf1242) Importer(815301076,1909f56bfc062723c751e8b465ee728b)
Start importing Assets/Game Data/Weapon Data/BeerBomb.asset using Guid(dd75f349b1cdfcc45bf90c499fbf1242) Importer(815301076,1909f56bfc062723c751e8b465ee728b)  -> (artifact id: 'a37924b97383a635525a59e2bebdb76c') in 0.073882 seconds 
  Import took 0.094257 seconds .

========================================================================
Received Import Request.
  Time since last request: 0.000968 seconds.
  path: Assets/Game Data/Weapon Data/BeerBomb.asset
  artifactKey: Guid(dd75f349b1cdfcc45bf90c499fbf1242) Importer(815301076,1909f56bfc062723c751e8b465ee728b)
Start importing Assets/Game Data/Weapon Data/BeerBomb.asset using Guid(dd75f349b1cdfcc45bf90c499fbf1242) Importer(815301076,1909f56bfc062723c751e8b465ee728b)  -> (artifact id: 'a37924b97383a635525a59e2bebdb76c') in 0.021409 seconds 
  Import took 0.025629 seconds .

========================================================================
Received Import Request.
  Time since last request: 122.025476 seconds.
  path: Assets/Game Data/Weapon Data/BubbleGun.asset
  artifactKey: Guid(f92fc6a6fdca1e541accdf3a8b79d601) Importer(815301076,1909f56bfc062723c751e8b465ee728b)
Start importing Assets/Game Data/Weapon Data/BubbleGun.asset using Guid(f92fc6a6fdca1e541accdf3a8b79d601) Importer(815301076,1909f56bfc062723c751e8b465ee728b)  -> (artifact id: '8cefbd88714226cec2e84d78db4711f8') in 0.108620 seconds 
  Import took 0.133047 seconds .

========================================================================
Received Import Request.
  Time since last request: 8.400220 seconds.
  path: Assets/Game Data/Weapon Data/Flamethrower.asset
  artifactKey: Guid(45b1481f7e2c9094ab473ce9b7e53673) Importer(815301076,1909f56bfc062723c751e8b465ee728b)
Start importing Assets/Game Data/Weapon Data/Flamethrower.asset using Guid(45b1481f7e2c9094ab473ce9b7e53673) Importer(815301076,1909f56bfc062723c751e8b465ee728b)  -> (artifact id: 'e162f28f2c7bc447ca7cb0efb491f4b4') in 0.139704 seconds 
  Import took 0.163251 seconds .

========================================================================
Received Import Request.
  Time since last request: 10.076277 seconds.
  path: Assets/Game Data/Weapon Data/GoldenHammer.asset
  artifactKey: Guid(73fa385ea20f86541aa28d5d3418df3b) Importer(815301076,1909f56bfc062723c751e8b465ee728b)
Start importing Assets/Game Data/Weapon Data/GoldenHammer.asset using Guid(73fa385ea20f86541aa28d5d3418df3b) Importer(815301076,1909f56bfc062723c751e8b465ee728b)  -> (artifact id: 'e3a52df833d64890d1c6c155085dd54f') in 0.109447 seconds 
  Import took 0.127397 seconds .

========================================================================
Received Import Request.
  Time since last request: 0.000541 seconds.
  path: Assets/Game Data/Weapon Data/GoldenHammer.asset
  artifactKey: Guid(73fa385ea20f86541aa28d5d3418df3b) Importer(815301076,1909f56bfc062723c751e8b465ee728b)
Start importing Assets/Game Data/Weapon Data/GoldenHammer.asset using Guid(73fa385ea20f86541aa28d5d3418df3b) Importer(815301076,1909f56bfc062723c751e8b465ee728b)  -> (artifact id: 'e3a52df833d64890d1c6c155085dd54f') in 0.019366 seconds 
  Import took 0.023739 seconds .

========================================================================
Received Import Request.
  Time since last request: 82.101721 seconds.
  path: Assets/Game Data/Weapon Data/MindAmplifier.asset
  artifactKey: Guid(21d997da98d0bd7439bf026a12a9eac5) Importer(815301076,1909f56bfc062723c751e8b465ee728b)
Start importing Assets/Game Data/Weapon Data/MindAmplifier.asset using Guid(21d997da98d0bd7439bf026a12a9eac5) Importer(815301076,1909f56bfc062723c751e8b465ee728b)  -> (artifact id: 'f9635d0a41492eda05aeff1f84851711') in 0.051450 seconds 
  Import took 0.057171 seconds .

========================================================================
Received Import Request.
  Time since last request: 0.001137 seconds.
  path: Assets/Game Data/Weapon Data/MindAmplifier.asset
  artifactKey: Guid(21d997da98d0bd7439bf026a12a9eac5) Importer(815301076,1909f56bfc062723c751e8b465ee728b)
Start importing Assets/Game Data/Weapon Data/MindAmplifier.asset using Guid(21d997da98d0bd7439bf026a12a9eac5) Importer(815301076,1909f56bfc062723c751e8b465ee728b)  -> (artifact id: 'f9635d0a41492eda05aeff1f84851711') in 0.018750 seconds 
  Import took 0.024366 seconds .

========================================================================
Received Import Request.
  Time since last request: 9.649206 seconds.
  path: Assets/Game Data/Weapon Data/PlasmaGun.asset
  artifactKey: Guid(5b4c9a7c35839084d9f8bebce16b9703) Importer(815301076,1909f56bfc062723c751e8b465ee728b)
Start importing Assets/Game Data/Weapon Data/PlasmaGun.asset using Guid(5b4c9a7c35839084d9f8bebce16b9703) Importer(815301076,1909f56bfc062723c751e8b465ee728b)  -> (artifact id: '0b64fb83c1b42ba29c479dd1a4451b19') in 0.127273 seconds 
  Import took 0.144261 seconds .

========================================================================
Received Import Request.
  Time since last request: 0.000744 seconds.
  path: Assets/Game Data/Weapon Data/PlasmaGun.asset
  artifactKey: Guid(5b4c9a7c35839084d9f8bebce16b9703) Importer(815301076,1909f56bfc062723c751e8b465ee728b)
Start importing Assets/Game Data/Weapon Data/PlasmaGun.asset using Guid(5b4c9a7c35839084d9f8bebce16b9703) Importer(815301076,1909f56bfc062723c751e8b465ee728b)  -> (artifact id: '0b64fb83c1b42ba29c479dd1a4451b19') in 0.020521 seconds 
  Import took 0.026013 seconds .

========================================================================
Received Prepare
Registering precompiled user dll's ...
Registered in 0.239470 seconds.
Begin MonoManager ReloadAssembly
Native extension for WindowsStandalone target not found
Refreshing native plugins compatible for Editor in 1.22 ms, found 3 plugins.
Preloading 0 native plugins for Editor in 0.00 ms.
Mono: successfully reloaded assembly
- Completed reload, in  6.279 seconds
Domain Reload Profiling:
	ReloadAssembly (6284ms)
		BeginReloadAssembly (468ms)
			ExecutionOrderSort (0ms)
			DisableScriptedObjects (29ms)
			BackupInstance (0ms)
			ReleaseScriptingObjects (0ms)
			CreateAndSetChildDomain (184ms)
		EndReloadAssembly (5613ms)
			LoadAssemblies (381ms)
			RebuildTransferFunctionScriptingTraits (0ms)
			SetupTypeCache (1091ms)
			ReleaseScriptCaches (2ms)
			RebuildScriptCaches (150ms)
			SetupLoadedEditorAssemblies (3397ms)
				LogAssemblyErrors (0ms)
				InitializePlatformSupportModulesInManaged (18ms)
				SetLoadedEditorAssemblies (1ms)
				RefreshPlugins (1ms)
				BeforeProcessingInitializeOnLoad (287ms)
				ProcessInitializeOnLoadAttributes (2890ms)
				ProcessInitializeOnLoadMethodAttributes (163ms)
				AfterProcessingInitializeOnLoad (35ms)
				EditorAssembliesLoaded (0ms)
			ExecutionOrderSort2 (0ms)
			AwakeInstancesAfterBackupRestoration (140ms)
Platform modules already initialized, skipping
Refreshing native plugins compatible for Editor in 1.57 ms, found 3 plugins.
Preloading 0 native plugins for Editor in 0.00 ms.
Unloading 2152 Unused Serialized files (Serialized files now loaded: 0)
System memory in use before: 96.6 MB.
System memory in use after: 96.8 MB.

Unloading 24 unused Assets to reduce memory usage. Loaded Objects now: 2666.
Total: 54.880600 ms (FindLiveObjects: 1.038500 ms CreateObjectMapping: 0.916800 ms MarkObjects: 51.747800 ms  DeleteObjects: 1.175000 ms)

AssetImportParameters requested are different than current active one (requested -> active):
  custom:framework-win-MediaFoundation: 216162199b28c13a410421893ffa2e32 -> 
  custom:video-decoder-ogg-theora: a1e56fd34408186e4bbccfd4996cb3dc -> 
  custom:container-muxer-webm: aa71ff27fc2769a1b78a27578f13a17b -> 
  custom:container-demuxer-webm: 4f35f7cbe854078d1ac9338744f61a02 -> 
  custom:container-demuxer-ogg: 62fdf1f143b41e24485cea50d1cbac27 -> 
  custom:video-encoder-webm-vp8: eb34c28f22e8b96e1ab97ce403110664 -> 
  custom:video-codec-MediaFoundation-h265: 746d11721c4dcdbdad8f713fa42b33f4 -> 
  custom:video-decoder-webm-vp8: 9c59270c3fd7afecdb556c50c9e8de78 -> 
  custom:audio-decoder-ogg-vorbis: bf7c407c2cedff20999df2af8eb42d56 -> 
  custom:audio-encoder-webm-vorbis: bf7c407c2cedff20999df2af8eb42d56 -> 
AssetImportWorkerClient::OnTransportError - code=2 error=End of file
